TN:gcov_report
SF:/home/t1/21/strings+/final_strings/tests/test2/C2_s21_stringplus-2/src/s21_string_tests.c
FN:9,memchr_1_fn
FNDA:1,memchr_1_fn
FN:17,memchr_2_fn
FNDA:1,memchr_2_fn
FN:25,memchr_3_fn
FNDA:1,memchr_3_fn
FN:33,memchr_4_fn
FNDA:1,memchr_4_fn
FN:41,memchr_5_fn
FNDA:1,memchr_5_fn
FN:49,memchr_6_fn
FNDA:1,memchr_6_fn
FN:57,memchr_7_fn
FNDA:1,memchr_7_fn
FN:65,memchr_8_fn
FNDA:1,memchr_8_fn
FN:73,memchr_9_fn
FNDA:1,memchr_9_fn
FN:81,memchr_10_fn
FNDA:1,memchr_10_fn
FN:89,memcmp_1_fn
FNDA:1,memcmp_1_fn
FN:101,memcmp_2_fn
FNDA:1,memcmp_2_fn
FN:113,memcmp_3_fn
FNDA:1,memcmp_3_fn
FN:125,memcmp_4_fn
FNDA:1,memcmp_4_fn
FN:137,memcmp_5_fn
FNDA:1,memcmp_5_fn
FN:149,memcmp_6_fn
FNDA:1,memcmp_6_fn
FN:161,memcmp_7_fn
FNDA:1,memcmp_7_fn
FN:173,memcmp_8_fn
FNDA:1,memcmp_8_fn
FN:185,memcmp_9_fn
FNDA:1,memcmp_9_fn
FN:197,memcmp_10_fn
FNDA:1,memcmp_10_fn
FN:209,memcmp_11_fn
FNDA:1,memcmp_11_fn
FN:221,memcmp_12_fn
FNDA:1,memcmp_12_fn
FN:233,memcmp_13_fn
FNDA:1,memcmp_13_fn
FN:245,memcmp_14_fn
FNDA:1,memcmp_14_fn
FN:261,memcmp_15_fn
FNDA:1,memcmp_15_fn
FN:277,memcmp_16_fn
FNDA:1,memcmp_16_fn
FN:289,memcpy_1_fn
FNDA:1,memcpy_1_fn
FN:298,memcpy_2_fn
FNDA:1,memcpy_2_fn
FN:307,memcpy_3_fn
FNDA:1,memcpy_3_fn
FN:316,memcpy_4_fn
FNDA:1,memcpy_4_fn
FN:325,memcpy_5_fn
FNDA:1,memcpy_5_fn
FN:334,memcpy_6_fn
FNDA:1,memcpy_6_fn
FN:343,memcpy_7_fn
FNDA:1,memcpy_7_fn
FN:352,memcpy_8_fn
FNDA:1,memcpy_8_fn
FN:361,memcpy_9_fn
FNDA:1,memcpy_9_fn
FN:370,memcpy_10_fn
FNDA:1,memcpy_10_fn
FN:379,memset_1_fn
FNDA:1,memset_1_fn
FN:388,memset_2_fn
FNDA:1,memset_2_fn
FN:397,memset_3_fn
FNDA:1,memset_3_fn
FN:406,memset_4_fn
FNDA:1,memset_4_fn
FN:415,memset_5_fn
FNDA:1,memset_5_fn
FN:424,memset_6_fn
FNDA:1,memset_6_fn
FN:433,strncat_1_fn
FNDA:1,strncat_1_fn
FN:442,strncat_2_fn
FNDA:1,strncat_2_fn
FN:451,strncat_3_fn
FNDA:1,strncat_3_fn
FN:460,strncat_4_fn
FNDA:1,strncat_4_fn
FN:469,strncat_5_fn
FNDA:1,strncat_5_fn
FN:478,strncat_6_fn
FNDA:1,strncat_6_fn
FN:488,strncat_7_fn
FNDA:1,strncat_7_fn
FN:497,strncat_8_fn
FNDA:1,strncat_8_fn
FN:506,strncat_9_fn
FNDA:1,strncat_9_fn
FN:515,strncat_10_fn
FNDA:1,strncat_10_fn
FN:524,strncat_11_fn
FNDA:1,strncat_11_fn
FN:533,strncat_12_fn
FNDA:1,strncat_12_fn
FN:542,strncat_13_fn
FNDA:1,strncat_13_fn
FN:551,strncat_14_fn
FNDA:1,strncat_14_fn
FN:560,strncat_15_fn
FNDA:1,strncat_15_fn
FN:569,strchr_1_fn
FNDA:1,strchr_1_fn
FN:576,strchr_2_fn
FNDA:1,strchr_2_fn
FN:583,strchr_3_fn
FNDA:1,strchr_3_fn
FN:590,strchr_4_fn
FNDA:1,strchr_4_fn
FN:597,strchr_5_fn
FNDA:1,strchr_5_fn
FN:604,strchr_6_fn
FNDA:1,strchr_6_fn
FN:611,strchr_7_fn
FNDA:1,strchr_7_fn
FN:618,strchr_8_fn
FNDA:1,strchr_8_fn
FN:625,strncmp_1_fn
FNDA:1,strncmp_1_fn
FN:637,strncmp_2_fn
FNDA:1,strncmp_2_fn
FN:649,strncmp_3_fn
FNDA:1,strncmp_3_fn
FN:661,strncmp_4_fn
FNDA:1,strncmp_4_fn
FN:673,strncmp_5_fn
FNDA:1,strncmp_5_fn
FN:685,strncmp_6_fn
FNDA:1,strncmp_6_fn
FN:697,strncmp_7_fn
FNDA:1,strncmp_7_fn
FN:709,strncmp_8_fn
FNDA:1,strncmp_8_fn
FN:721,strncmp_9_fn
FNDA:1,strncmp_9_fn
FN:733,strncpy_1_fn
FNDA:1,strncpy_1_fn
FN:742,strncpy_2_fn
FNDA:1,strncpy_2_fn
FN:751,strncpy_3_fn
FNDA:1,strncpy_3_fn
FN:760,strncpy_4_fn
FNDA:1,strncpy_4_fn
FN:769,strncpy_5_fn
FNDA:1,strncpy_5_fn
FN:779,strncpy_6_fn
FNDA:1,strncpy_6_fn
FN:788,strcspn_1_fn
FNDA:1,strcspn_1_fn
FN:796,strcspn_2_fn
FNDA:1,strcspn_2_fn
FN:805,strcspn_3_fn
FNDA:1,strcspn_3_fn
FN:812,strcspn_4_fn
FNDA:1,strcspn_4_fn
FN:819,strcspn_5_fn
FNDA:1,strcspn_5_fn
FN:826,strcspn_6_fn
FNDA:1,strcspn_6_fn
FN:833,strcspn_7_fn
FNDA:1,strcspn_7_fn
FN:840,strcspn_8_fn
FNDA:1,strcspn_8_fn
FN:847,strcspn_9_fn
FNDA:1,strcspn_9_fn
FN:854,strcspn_10_fn
FNDA:1,strcspn_10_fn
FN:861,strcspn_11_fn
FNDA:1,strcspn_11_fn
FN:868,strcspn_12_fn
FNDA:1,strcspn_12_fn
FN:875,strlen_1_fn
FNDA:1,strlen_1_fn
FN:881,strlen_2_fn
FNDA:1,strlen_2_fn
FN:889,strlen_3_fn
FNDA:1,strlen_3_fn
FN:895,strlen_4_fn
FNDA:1,strlen_4_fn
FN:901,strlen_5_fn
FNDA:1,strlen_5_fn
FN:908,strlen_6_fn
FNDA:1,strlen_6_fn
FN:914,strlen_7_fn
FNDA:1,strlen_7_fn
FN:920,strlen_8_fn
FNDA:1,strlen_8_fn
FN:926,strlen_9_fn
FNDA:1,strlen_9_fn
FN:932,strlen_10_fn
FNDA:1,strlen_10_fn
FN:938,strlen_11_fn
FNDA:1,strlen_11_fn
FN:944,strlen_12_fn
FNDA:1,strlen_12_fn
FN:950,strlen_13_fn
FNDA:1,strlen_13_fn
FN:956,strlen_14_fn
FNDA:1,strlen_14_fn
FN:962,strpbrk_1_fn
FNDA:1,strpbrk_1_fn
FN:969,strpbrk_2_fn
FNDA:1,strpbrk_2_fn
FN:976,strpbrk_3_fn
FNDA:1,strpbrk_3_fn
FN:983,strpbrk_4_fn
FNDA:1,strpbrk_4_fn
FN:990,strpbrk_5_fn
FNDA:1,strpbrk_5_fn
FN:997,strpbrk_6_fn
FNDA:1,strpbrk_6_fn
FN:1004,strrchr_1_fn
FNDA:1,strrchr_1_fn
FN:1011,strrchr_2_fn
FNDA:1,strrchr_2_fn
FN:1018,strrchr_3_fn
FNDA:1,strrchr_3_fn
FN:1025,strrchr_4_fn
FNDA:1,strrchr_4_fn
FN:1032,strrchr_5_fn
FNDA:1,strrchr_5_fn
FN:1039,strrchr_6_fn
FNDA:1,strrchr_6_fn
FN:1046,strrchr_7_fn
FNDA:1,strrchr_7_fn
FN:1053,strrchr_8_fn
FNDA:1,strrchr_8_fn
FN:1060,strstr_1_fn
FNDA:1,strstr_1_fn
FN:1067,strstr_2_fn
FNDA:1,strstr_2_fn
FN:1074,strstr_3_fn
FNDA:1,strstr_3_fn
FN:1081,strstr_4_fn
FNDA:1,strstr_4_fn
FN:1089,strstr_5_fn
FNDA:1,strstr_5_fn
FN:1096,strstr_6_fn
FNDA:1,strstr_6_fn
FN:1103,strstr_7_fn
FNDA:1,strstr_7_fn
FN:1110,strstr_8_fn
FNDA:1,strstr_8_fn
FN:1117,strstr_9_fn
FNDA:1,strstr_9_fn
FN:1124,strstr_10_fn
FNDA:1,strstr_10_fn
FN:1131,strstr_11_fn
FNDA:1,strstr_11_fn
FN:1138,strstr_12_fn
FNDA:1,strstr_12_fn
FN:1152,strtok_1_fn
FNDA:1,strtok_1_fn
FN:1160,strtok_2_fn
FNDA:1,strtok_2_fn
FN:1168,strtok_3_fn
FNDA:1,strtok_3_fn
FN:1176,strtok_4_fn
FNDA:1,strtok_4_fn
FN:1184,strtok_5_fn
FNDA:1,strtok_5_fn
FN:1192,strtok_6_fn
FNDA:1,strtok_6_fn
FN:1201,strtok_7_fn
FNDA:1,strtok_7_fn
FN:1209,strtok_8_fn
FNDA:1,strtok_8_fn
FN:1217,strtok_9_fn
FNDA:1,strtok_9_fn
FN:1225,strtok_10_fn
FNDA:1,strtok_10_fn
FN:1241,strtok_12_fn
FNDA:1,strtok_12_fn
FN:1249,strtok_13_fn
FNDA:1,strtok_13_fn
FN:1266,strtok_14_fn
FNDA:1,strtok_14_fn
FN:1283,strtok_15_fn
FNDA:1,strtok_15_fn
FN:1300,strtok_16_fn
FNDA:1,strtok_16_fn
FN:1318,strtok_17_fn
FNDA:1,strtok_17_fn
FN:1330,strtok_18_fn
FNDA:1,strtok_18_fn
FN:1344,strtok_19_fn
FNDA:1,strtok_19_fn
FN:1360,strtok_20_fn
FNDA:1,strtok_20_fn
FN:1387,sprintf_1_c_fn
FNDA:1,sprintf_1_c_fn
FN:1402,sprintf_2_c_fn
FNDA:1,sprintf_2_c_fn
FN:1417,sprintf_3_c_fn
FNDA:1,sprintf_3_c_fn
FN:1432,sprintf_4_c_fn
FNDA:1,sprintf_4_c_fn
FN:1447,sprintf_5_c_fn
FNDA:1,sprintf_5_c_fn
FN:1458,sprintf_6_c_fn
FNDA:1,sprintf_6_c_fn
FN:1470,sprintf_7_c_fn
FNDA:1,sprintf_7_c_fn
FN:1482,sprintf_8_c_fn
FNDA:1,sprintf_8_c_fn
FN:1495,sprintf_9_c_fn
FNDA:1,sprintf_9_c_fn
FN:1508,sprintf_10_c_fn
FNDA:1,sprintf_10_c_fn
FN:1521,sprintf_11_c_fn
FNDA:1,sprintf_11_c_fn
FN:1531,sprintf_12_c_fn
FNDA:1,sprintf_12_c_fn
FN:1541,sprintf_13_c_fn
FNDA:1,sprintf_13_c_fn
FN:1551,sprintf_14_c_fn
FNDA:1,sprintf_14_c_fn
FN:1561,sprintf_15_c_fn
FNDA:1,sprintf_15_c_fn
FN:1572,sprintf_16_c_fn
FNDA:1,sprintf_16_c_fn
FN:1583,sprintf_17_c_fn
FNDA:1,sprintf_17_c_fn
FN:1594,sprintf_18_c_fn
FNDA:1,sprintf_18_c_fn
FN:1605,sprintf_19_c_fn
FNDA:1,sprintf_19_c_fn
FN:1618,sprintf_1_signed_fn
FNDA:1,sprintf_1_signed_fn
FN:1629,sprintf_2_signed_fn
FNDA:1,sprintf_2_signed_fn
FN:1643,sprintf_3_signed_fn
FNDA:1,sprintf_3_signed_fn
FN:1657,sprintf_4_signed_fn
FNDA:1,sprintf_4_signed_fn
FN:1672,sprintf_5_signed_fn
FNDA:1,sprintf_5_signed_fn
FN:1686,sprintf_6_signed_fn
FNDA:1,sprintf_6_signed_fn
FN:1702,sprintf_7_signed_fn
FNDA:1,sprintf_7_signed_fn
FN:1717,sprintf_8_signed_fn
FNDA:1,sprintf_8_signed_fn
FN:1733,sprintf_9_signed_fn
FNDA:1,sprintf_9_signed_fn
FN:1748,sprintf_10_signed_fn
FNDA:1,sprintf_10_signed_fn
FN:1762,sprintf_11_signed_fn
FNDA:1,sprintf_11_signed_fn
FN:1778,sprintf_12_signed_fn
FNDA:1,sprintf_12_signed_fn
FN:1794,sprintf_13_signed_fn
FNDA:1,sprintf_13_signed_fn
FN:1810,sprintf_14_signed_fn
FNDA:1,sprintf_14_signed_fn
FN:1826,sprintf_15_signed_fn
FNDA:1,sprintf_15_signed_fn
FN:1848,sprintf_16_signed_fn
FNDA:1,sprintf_16_signed_fn
FN:1857,sprintf_17_signed_fn
FNDA:1,sprintf_17_signed_fn
FN:1867,sprintf_18_signed_fn
FNDA:1,sprintf_18_signed_fn
FN:1883,sprintf_19_signed_fn
FNDA:1,sprintf_19_signed_fn
FN:1896,sprintf_1_f_fn
FNDA:1,sprintf_1_f_fn
FN:1907,sprintf_2_f_fn
FNDA:1,sprintf_2_f_fn
FN:1918,sprintf_3_f_fn
FNDA:1,sprintf_3_f_fn
FN:1929,sprintf_4_f_fn
FNDA:1,sprintf_4_f_fn
FN:1940,sprintf_5_f_fn
FNDA:1,sprintf_5_f_fn
FN:1951,sprintf_6_f_fn
FNDA:1,sprintf_6_f_fn
FN:1962,sprintf_7_f_fn
FNDA:1,sprintf_7_f_fn
FN:1973,sprintf_8_f_fn
FNDA:1,sprintf_8_f_fn
FN:1984,sprintf_9_f_fn
FNDA:1,sprintf_9_f_fn
FN:1995,sprintf_10_f_fn
FNDA:1,sprintf_10_f_fn
FN:2006,sprintf_11_f_fn
FNDA:1,sprintf_11_f_fn
FN:2017,sprintf_12_f_fn
FNDA:1,sprintf_12_f_fn
FN:2028,sprintf_13_f_fn
FNDA:1,sprintf_13_f_fn
FN:2039,sprintf_14_f_fn
FNDA:1,sprintf_14_f_fn
FN:2050,sprintf_15_f_fn
FNDA:1,sprintf_15_f_fn
FN:2061,sprintf_16_f_fn
FNDA:1,sprintf_16_f_fn
FN:2072,sprintf_17_f_fn
FNDA:1,sprintf_17_f_fn
FN:2083,sprintf_18_f_fn
FNDA:1,sprintf_18_f_fn
FN:2094,sprintf_19_f_fn
FNDA:1,sprintf_19_f_fn
FN:2105,sprintf_20_f_fn
FNDA:1,sprintf_20_f_fn
FN:2116,sprintf_21_f_fn
FNDA:1,sprintf_21_f_fn
FN:2127,sprintf_22_f_fn
FNDA:1,sprintf_22_f_fn
FN:2138,sprintf_23_f_fn
FNDA:1,sprintf_23_f_fn
FN:2149,sprintf_24_f_fn
FNDA:1,sprintf_24_f_fn
FN:2160,sprintf_25_f_fn
FNDA:1,sprintf_25_f_fn
FN:2171,sprintf_26_f_fn
FNDA:1,sprintf_26_f_fn
FN:2182,sprintf_27_f_fn
FNDA:1,sprintf_27_f_fn
FN:2193,sprintf_28_f_fn
FNDA:1,sprintf_28_f_fn
FN:2204,sprintf_30_f_fn
FNDA:1,sprintf_30_f_fn
FN:2215,sprintf_31_f_fn
FNDA:1,sprintf_31_f_fn
FN:2226,sprintf_32_f_fn
FNDA:1,sprintf_32_f_fn
FN:2237,sprintf_33_f_fn
FNDA:1,sprintf_33_f_fn
FN:2248,sprintf_34_f_fn
FNDA:1,sprintf_34_f_fn
FN:2259,sprintf_35_f_fn
FNDA:1,sprintf_35_f_fn
FN:2270,sprintf_36_f_fn
FNDA:1,sprintf_36_f_fn
FN:2281,sprintf_37_f_fn
FNDA:1,sprintf_37_f_fn
FN:2292,sprintf_38_f_fn
FNDA:1,sprintf_38_f_fn
FN:2303,sprintf_39_f_fn
FNDA:1,sprintf_39_f_fn
FN:2314,sprintf_40_f_fn
FNDA:1,sprintf_40_f_fn
FN:2325,sprintf_41_f_fn
FNDA:1,sprintf_41_f_fn
FN:2336,sprintf_42_f_fn
FNDA:1,sprintf_42_f_fn
FN:2347,sprintf_43_f_fn
FNDA:1,sprintf_43_f_fn
FN:2358,sprintf_44_f_fn
FNDA:1,sprintf_44_f_fn
FN:2369,sprintf_45_f_fn
FNDA:1,sprintf_45_f_fn
FN:2380,sprintf_46_f_fn
FNDA:1,sprintf_46_f_fn
FN:2391,sprintf_47_f_fn
FNDA:1,sprintf_47_f_fn
FN:2402,sprintf_48_f_fn
FNDA:1,sprintf_48_f_fn
FN:2413,sprintf_49_f_fn
FNDA:1,sprintf_49_f_fn
FN:2424,sprintf_50_f_fn
FNDA:1,sprintf_50_f_fn
FN:2435,sprintf_51_f_fn
FNDA:1,sprintf_51_f_fn
FN:2446,sprintf_52_f_fn
FNDA:1,sprintf_52_f_fn
FN:2457,sprintf_54_f_fn
FNDA:1,sprintf_54_f_fn
FN:2467,sprintf_1_unsigned_fn
FNDA:1,sprintf_1_unsigned_fn
FN:2478,sprintf_2_unsigned_fn
FNDA:1,sprintf_2_unsigned_fn
FN:2492,sprintf_3_unsigned_fn
FNDA:1,sprintf_3_unsigned_fn
FN:2506,sprintf_4_unsigned_fn
FNDA:1,sprintf_4_unsigned_fn
FN:2521,sprintf_5_unsigned_fn
FNDA:1,sprintf_5_unsigned_fn
FN:2535,sprintf_6_unsigned_fn
FNDA:1,sprintf_6_unsigned_fn
FN:2550,sprintf_7_unsigned_fn
FNDA:1,sprintf_7_unsigned_fn
FN:2565,sprintf_8_unsigned_fn
FNDA:1,sprintf_8_unsigned_fn
FN:2581,sprintf_9_unsigned_fn
FNDA:1,sprintf_9_unsigned_fn
FN:2596,sprintf_10_unsigned_fn
FNDA:1,sprintf_10_unsigned_fn
FN:2611,sprintf_11_unsigned_fn
FNDA:1,sprintf_11_unsigned_fn
FN:2627,sprintf_12_unsigned_fn
FNDA:1,sprintf_12_unsigned_fn
FN:2643,sprintf_13_unsigned_fn
FNDA:1,sprintf_13_unsigned_fn
FN:2659,sprintf_14_unsigned_fn
FNDA:1,sprintf_14_unsigned_fn
FN:2675,sprintf_15_unsigned_fn
FNDA:1,sprintf_15_unsigned_fn
FN:2696,sprintf_16_unsigned_fn
FNDA:1,sprintf_16_unsigned_fn
FN:2706,sprintf_17_unsigned_fn
FNDA:1,sprintf_17_unsigned_fn
FN:2719,s21_string_suite
FNDA:259,s21_string_suite
FN:3011,main
FNDA:259,main
DA:9,1
DA:10,1
DA:11,1
DA:12,1
DA:13,1
DA:14,1
DA:17,1
DA:18,1
DA:19,1
DA:20,1
DA:21,1
DA:22,1
DA:25,1
DA:26,1
DA:27,1
DA:28,1
DA:29,1
DA:30,1
DA:33,1
DA:34,1
DA:35,1
DA:36,1
DA:37,1
DA:38,1
DA:41,1
DA:42,1
DA:43,1
DA:44,1
DA:45,1
DA:46,1
DA:49,1
DA:50,1
DA:51,1
DA:52,1
DA:53,1
DA:54,1
DA:57,1
DA:58,1
DA:59,1
DA:60,1
DA:61,1
DA:62,1
DA:65,1
DA:66,1
DA:67,1
DA:68,1
DA:69,1
DA:70,1
DA:73,1
DA:74,1
DA:75,1
DA:76,1
DA:77,1
DA:78,1
DA:81,1
DA:82,1
DA:83,1
DA:84,1
DA:85,1
DA:86,1
DA:89,1
DA:90,1
DA:91,1
DA:92,1
DA:93,1
DA:94,1
DA:95,1
DA:96,1
DA:97,1
DA:98,1
DA:101,1
DA:102,1
DA:103,1
DA:104,1
DA:105,1
DA:106,1
DA:107,1
DA:108,1
DA:109,1
DA:110,1
DA:113,1
DA:114,1
DA:115,1
DA:116,1
DA:117,1
DA:118,1
DA:119,1
DA:120,1
DA:121,1
DA:122,1
DA:125,1
DA:126,1
DA:127,1
DA:128,1
DA:129,1
DA:130,1
DA:131,1
DA:132,1
DA:133,1
DA:134,1
DA:137,1
DA:138,1
DA:139,1
DA:140,1
DA:141,1
DA:142,1
DA:143,1
DA:144,1
DA:145,1
DA:146,1
DA:149,1
DA:150,1
DA:151,1
DA:152,1
DA:153,1
DA:154,1
DA:155,1
DA:156,1
DA:157,1
DA:158,1
DA:161,1
DA:162,1
DA:163,1
DA:164,1
DA:165,1
DA:166,1
DA:167,1
DA:168,1
DA:169,1
DA:170,1
DA:173,1
DA:174,1
DA:175,1
DA:176,1
DA:177,1
DA:178,1
DA:179,1
DA:180,1
DA:181,1
DA:182,1
DA:185,1
DA:186,1
DA:187,1
DA:188,1
DA:189,1
DA:190,1
DA:191,1
DA:192,1
DA:193,1
DA:194,1
DA:197,1
DA:198,1
DA:199,1
DA:200,1
DA:201,1
DA:202,1
DA:203,1
DA:204,1
DA:205,1
DA:206,1
DA:209,1
DA:210,1
DA:211,1
DA:212,1
DA:213,1
DA:214,1
DA:215,1
DA:216,1
DA:217,1
DA:218,1
DA:221,1
DA:222,1
DA:223,1
DA:224,1
DA:225,1
DA:226,1
DA:227,1
DA:228,1
DA:229,1
DA:230,1
DA:233,1
DA:234,1
DA:235,1
DA:236,1
DA:237,1
DA:238,1
DA:239,1
DA:240,1
DA:241,1
DA:242,1
DA:245,1
DA:246,1
DA:249,1
DA:252,1
DA:253,1
DA:254,1
DA:255,1
DA:256,1
DA:257,1
DA:258,1
DA:261,1
DA:262,1
DA:265,1
DA:268,1
DA:269,1
DA:270,1
DA:271,1
DA:272,1
DA:273,1
DA:274,1
DA:277,1
DA:278,1
DA:279,1
DA:280,1
DA:281,1
DA:282,1
DA:283,1
DA:284,1
DA:285,1
DA:286,1
DA:289,1
DA:290,1
DA:291,1
DA:292,1
DA:293,1
DA:294,1
DA:295,1
DA:298,1
DA:299,1
DA:300,1
DA:301,1
DA:302,1
DA:303,1
DA:304,1
DA:307,1
DA:308,1
DA:309,1
DA:310,1
DA:311,1
DA:312,1
DA:313,1
DA:316,1
DA:317,1
DA:318,1
DA:319,1
DA:320,1
DA:321,1
DA:322,1
DA:325,1
DA:326,1
DA:327,1
DA:328,1
DA:329,1
DA:330,1
DA:331,1
DA:334,1
DA:335,1
DA:336,1
DA:337,1
DA:338,1
DA:339,1
DA:340,1
DA:343,1
DA:344,1
DA:345,1
DA:346,1
DA:347,1
DA:348,1
DA:349,1
DA:352,1
DA:353,1
DA:354,1
DA:355,1
DA:356,1
DA:357,1
DA:358,1
DA:361,1
DA:362,1
DA:363,1
DA:364,1
DA:365,1
DA:366,1
DA:367,1
DA:370,1
DA:371,1
DA:372,1
DA:373,1
DA:374,1
DA:375,1
DA:376,1
DA:379,1
DA:380,1
DA:381,1
DA:382,1
DA:383,1
DA:384,1
DA:385,1
DA:388,1
DA:389,1
DA:390,1
DA:391,1
DA:392,1
DA:393,1
DA:394,1
DA:397,1
DA:398,1
DA:399,1
DA:400,1
DA:401,1
DA:402,1
DA:403,1
DA:406,1
DA:407,1
DA:408,1
DA:409,1
DA:410,1
DA:411,1
DA:412,1
DA:415,1
DA:416,1
DA:417,1
DA:418,1
DA:419,1
DA:420,1
DA:421,1
DA:424,1
DA:425,1
DA:426,1
DA:427,1
DA:428,1
DA:429,1
DA:430,1
DA:433,1
DA:434,1
DA:435,1
DA:436,1
DA:437,1
DA:438,1
DA:439,1
DA:442,1
DA:443,1
DA:444,1
DA:445,1
DA:446,1
DA:447,1
DA:448,1
DA:451,1
DA:452,1
DA:453,1
DA:454,1
DA:455,1
DA:456,1
DA:457,1
DA:460,1
DA:461,1
DA:462,1
DA:463,1
DA:464,1
DA:465,1
DA:466,1
DA:469,1
DA:470,1
DA:471,1
DA:472,1
DA:473,1
DA:474,1
DA:475,1
DA:478,1
DA:479,1
DA:480,1
DA:481,1
DA:483,1
DA:484,1
DA:485,1
DA:488,1
DA:489,1
DA:490,1
DA:491,1
DA:492,1
DA:493,1
DA:494,1
DA:497,1
DA:498,1
DA:499,1
DA:500,1
DA:501,1
DA:502,1
DA:503,1
DA:506,1
DA:507,1
DA:508,1
DA:509,1
DA:510,1
DA:511,1
DA:512,1
DA:515,1
DA:516,1
DA:517,1
DA:518,1
DA:519,1
DA:520,1
DA:521,1
DA:524,1
DA:525,1
DA:526,1
DA:527,1
DA:528,1
DA:529,1
DA:530,1
DA:533,1
DA:534,1
DA:535,1
DA:536,1
DA:537,1
DA:538,1
DA:539,1
DA:542,1
DA:543,1
DA:544,1
DA:545,1
DA:546,1
DA:547,1
DA:548,1
DA:551,1
DA:552,1
DA:553,1
DA:554,1
DA:555,1
DA:556,1
DA:557,1
DA:560,1
DA:561,1
DA:562,1
DA:563,1
DA:564,1
DA:565,1
DA:566,1
DA:569,1
DA:570,1
DA:571,1
DA:572,1
DA:573,1
DA:576,1
DA:577,1
DA:578,1
DA:579,1
DA:580,1
DA:583,1
DA:584,1
DA:585,1
DA:586,1
DA:587,1
DA:590,1
DA:591,1
DA:592,1
DA:593,1
DA:594,1
DA:597,1
DA:598,1
DA:599,1
DA:600,1
DA:601,1
DA:604,1
DA:605,1
DA:606,1
DA:607,1
DA:608,1
DA:611,1
DA:612,1
DA:613,1
DA:614,1
DA:615,1
DA:618,1
DA:619,1
DA:620,1
DA:621,1
DA:622,1
DA:625,1
DA:626,1
DA:627,1
DA:628,1
DA:629,1
DA:630,1
DA:631,1
DA:632,1
DA:633,1
DA:634,1
DA:637,1
DA:638,1
DA:639,1
DA:640,1
DA:641,1
DA:642,1
DA:643,1
DA:644,1
DA:645,1
DA:646,1
DA:649,1
DA:650,1
DA:651,1
DA:652,1
DA:653,1
DA:654,1
DA:655,1
DA:656,1
DA:657,1
DA:658,1
DA:661,1
DA:662,1
DA:663,1
DA:664,1
DA:665,1
DA:666,1
DA:667,1
DA:668,1
DA:669,1
DA:670,1
DA:673,1
DA:674,1
DA:675,1
DA:676,1
DA:677,1
DA:678,1
DA:679,1
DA:680,1
DA:681,1
DA:682,1
DA:685,1
DA:686,1
DA:687,1
DA:688,1
DA:689,1
DA:690,1
DA:691,1
DA:692,1
DA:693,1
DA:694,1
DA:697,1
DA:698,1
DA:699,1
DA:700,1
DA:701,1
DA:702,1
DA:703,1
DA:704,1
DA:705,1
DA:706,1
DA:709,1
DA:710,1
DA:711,1
DA:712,1
DA:713,1
DA:714,1
DA:715,1
DA:716,1
DA:717,1
DA:718,1
DA:721,1
DA:722,1
DA:723,1
DA:724,1
DA:725,1
DA:726,1
DA:727,1
DA:728,1
DA:729,1
DA:730,1
DA:733,1
DA:734,1
DA:735,1
DA:736,1
DA:737,1
DA:738,1
DA:739,1
DA:742,1
DA:743,1
DA:744,1
DA:745,1
DA:746,1
DA:747,1
DA:748,1
DA:751,1
DA:752,1
DA:753,1
DA:754,1
DA:755,1
DA:756,1
DA:757,1
DA:760,1
DA:761,1
DA:762,1
DA:763,1
DA:764,1
DA:765,1
DA:766,1
DA:769,1
DA:770,1
DA:771,1
DA:772,1
DA:774,1
DA:775,1
DA:776,1
DA:779,1
DA:780,1
DA:781,1
DA:782,1
DA:783,1
DA:784,1
DA:785,1
DA:788,1
DA:789,1
DA:791,1
DA:792,1
DA:793,1
DA:796,1
DA:797,1
DA:799,1
DA:801,1
DA:802,1
DA:805,1
DA:806,1
DA:807,1
DA:808,1
DA:809,1
DA:812,1
DA:813,1
DA:814,1
DA:815,1
DA:816,1
DA:819,1
DA:820,1
DA:821,1
DA:822,1
DA:823,1
DA:826,1
DA:827,1
DA:828,1
DA:829,1
DA:830,1
DA:833,1
DA:834,1
DA:835,1
DA:836,1
DA:837,1
DA:840,1
DA:841,1
DA:842,1
DA:843,1
DA:844,1
DA:847,1
DA:848,1
DA:849,1
DA:850,1
DA:851,1
DA:854,1
DA:855,1
DA:856,1
DA:857,1
DA:858,1
DA:861,1
DA:862,1
DA:863,1
DA:864,1
DA:865,1
DA:868,1
DA:869,1
DA:870,1
DA:871,1
DA:872,1
DA:875,1
DA:876,1
DA:877,1
DA:878,1
DA:881,1
DA:882,1
DA:885,1
DA:886,1
DA:889,1
DA:890,1
DA:891,1
DA:892,1
DA:895,1
DA:896,1
DA:897,1
DA:898,1
DA:901,1
DA:902,1
DA:904,1
DA:905,1
DA:908,1
DA:909,1
DA:910,1
DA:911,1
DA:914,1
DA:915,1
DA:916,1
DA:917,1
DA:920,1
DA:921,1
DA:922,1
DA:923,1
DA:926,1
DA:927,1
DA:928,1
DA:929,1
DA:932,1
DA:933,1
DA:934,1
DA:935,1
DA:938,1
DA:939,1
DA:940,1
DA:941,1
DA:944,1
DA:945,1
DA:946,1
DA:947,1
DA:950,1
DA:951,1
DA:952,1
DA:953,1
DA:956,1
DA:957,1
DA:958,1
DA:959,1
DA:962,1
DA:963,1
DA:964,1
DA:965,1
DA:966,1
DA:969,1
DA:970,1
DA:971,1
DA:972,1
DA:973,1
DA:976,1
DA:977,1
DA:978,1
DA:979,1
DA:980,1
DA:983,1
DA:984,1
DA:985,1
DA:986,1
DA:987,1
DA:990,1
DA:991,1
DA:992,1
DA:993,1
DA:994,1
DA:997,1
DA:998,1
DA:999,1
DA:1000,1
DA:1001,1
DA:1004,1
DA:1005,1
DA:1006,1
DA:1007,1
DA:1008,1
DA:1011,1
DA:1012,1
DA:1013,1
DA:1014,1
DA:1015,1
DA:1018,1
DA:1019,1
DA:1020,1
DA:1021,1
DA:1022,1
DA:1025,1
DA:1026,1
DA:1027,1
DA:1028,1
DA:1029,1
DA:1032,1
DA:1033,1
DA:1034,1
DA:1035,1
DA:1036,1
DA:1039,1
DA:1040,1
DA:1041,1
DA:1042,1
DA:1043,1
DA:1046,1
DA:1047,1
DA:1048,1
DA:1049,1
DA:1050,1
DA:1053,1
DA:1054,1
DA:1055,1
DA:1056,1
DA:1057,1
DA:1060,1
DA:1061,1
DA:1062,1
DA:1063,1
DA:1064,1
DA:1067,1
DA:1068,1
DA:1069,1
DA:1070,1
DA:1071,1
DA:1074,1
DA:1075,1
DA:1076,1
DA:1077,1
DA:1078,1
DA:1081,1
DA:1082,1
DA:1084,1
DA:1085,1
DA:1086,1
DA:1089,1
DA:1090,1
DA:1091,1
DA:1092,1
DA:1093,1
DA:1096,1
DA:1097,1
DA:1098,1
DA:1099,1
DA:1100,1
DA:1103,1
DA:1104,1
DA:1105,1
DA:1106,1
DA:1107,1
DA:1110,1
DA:1111,1
DA:1112,1
DA:1113,1
DA:1114,1
DA:1117,1
DA:1118,1
DA:1119,1
DA:1120,1
DA:1121,1
DA:1124,1
DA:1125,1
DA:1126,1
DA:1127,1
DA:1128,1
DA:1131,1
DA:1132,1
DA:1133,1
DA:1134,1
DA:1135,1
DA:1138,1
DA:1139,1
DA:1140,1
DA:1141,1
DA:1142,1
DA:1152,1
DA:1153,1
DA:1154,1
DA:1155,1
DA:1156,1
DA:1157,1
DA:1160,1
DA:1161,1
DA:1162,1
DA:1163,1
DA:1164,1
DA:1165,1
DA:1168,1
DA:1169,1
DA:1170,1
DA:1171,1
DA:1172,1
DA:1173,1
DA:1176,1
DA:1177,1
DA:1178,1
DA:1179,1
DA:1180,1
DA:1181,1
DA:1184,1
DA:1185,1
DA:1186,1
DA:1187,1
DA:1188,1
DA:1189,1
DA:1192,1
DA:1193,1
DA:1194,1
DA:1195,1
DA:1197,1
DA:1198,1
DA:1201,1
DA:1202,1
DA:1203,1
DA:1204,1
DA:1205,1
DA:1206,1
DA:1209,1
DA:1210,1
DA:1211,1
DA:1212,1
DA:1213,1
DA:1214,1
DA:1217,1
DA:1218,1
DA:1219,1
DA:1220,1
DA:1221,1
DA:1222,1
DA:1225,1
DA:1226,1
DA:1227,1
DA:1228,1
DA:1229,1
DA:1230,1
DA:1241,1
DA:1242,1
DA:1243,1
DA:1244,1
DA:1245,1
DA:1246,1
DA:1249,1
DA:1250,1
DA:1251,1
DA:1252,1
DA:1253,1
DA:1254,1
DA:1256,1
DA:1257,6
DA:1258,5
DA:1260,1
DA:1261,1
DA:1262,1
DA:1263,1
DA:1266,1
DA:1267,1
DA:1268,1
DA:1269,1
DA:1270,1
DA:1271,1
DA:1273,1
DA:1274,6
DA:1275,5
DA:1277,1
DA:1278,1
DA:1279,1
DA:1280,1
DA:1283,1
DA:1284,1
DA:1285,1
DA:1286,1
DA:1287,1
DA:1288,1
DA:1290,1
DA:1291,6
DA:1292,5
DA:1294,1
DA:1295,1
DA:1296,1
DA:1297,1
DA:1300,1
DA:1301,1
DA:1302,1
DA:1303,1
DA:1304,1
DA:1305,1
DA:1306,1
DA:1308,1
DA:1309,6
DA:1310,5
DA:1312,1
DA:1313,1
DA:1314,1
DA:1315,1
DA:1318,1
DA:1319,1
DA:1320,1
DA:1321,1
DA:1322,1
DA:1323,1
DA:1324,1
DA:1325,1
DA:1326,1
DA:1327,1
DA:1330,1
DA:1331,1
DA:1332,1
DA:1333,1
DA:1334,1
DA:1335,1
DA:1336,1
DA:1337,1
DA:1338,1
DA:1339,1
DA:1340,1
DA:1341,1
DA:1344,1
DA:1345,1
DA:1346,1
DA:1347,1
DA:1348,1
DA:1349,1
DA:1351,1
DA:1352,1
DA:1354,1
DA:1355,1
DA:1356,1
DA:1357,1
DA:1360,1
DA:1361,1
DA:1362,1
DA:1363,1
DA:1364,1
DA:1365,1
DA:1366,1
DA:1367,1
DA:1368,1
DA:1369,1
DA:1370,1
DA:1371,1
DA:1387,1
DA:1390,1
DA:1391,1
DA:1392,1
DA:1393,1
DA:1394,1
DA:1395,1
DA:1396,1
DA:1398,1
DA:1399,1
DA:1402,1
DA:1405,1
DA:1406,1
DA:1407,1
DA:1408,1
DA:1409,1
DA:1410,1
DA:1411,1
DA:1413,1
DA:1414,1
DA:1417,1
DA:1420,1
DA:1421,1
DA:1422,1
DA:1423,1
DA:1424,1
DA:1425,1
DA:1426,1
DA:1428,1
DA:1429,1
DA:1432,1
DA:1435,1
DA:1436,1
DA:1437,1
DA:1438,1
DA:1439,1
DA:1440,1
DA:1441,1
DA:1443,1
DA:1444,1
DA:1447,1
DA:1450,1
DA:1451,1
DA:1452,1
DA:1454,1
DA:1455,1
DA:1458,1
DA:1461,1
DA:1462,1
DA:1463,1
DA:1464,1
DA:1466,1
DA:1467,1
DA:1470,1
DA:1473,1
DA:1474,1
DA:1475,1
DA:1476,1
DA:1478,1
DA:1479,1
DA:1482,1
DA:1485,1
DA:1486,1
DA:1487,1
DA:1488,1
DA:1489,1
DA:1491,1
DA:1492,1
DA:1495,1
DA:1498,1
DA:1499,1
DA:1500,1
DA:1501,1
DA:1502,1
DA:1504,1
DA:1505,1
DA:1508,1
DA:1511,1
DA:1512,1
DA:1513,1
DA:1514,1
DA:1515,1
DA:1517,1
DA:1518,1
DA:1521,1
DA:1524,1
DA:1525,1
DA:1527,1
DA:1528,1
DA:1531,1
DA:1534,1
DA:1535,1
DA:1537,1
DA:1538,1
DA:1541,1
DA:1544,1
DA:1545,1
DA:1547,1
DA:1548,1
DA:1551,1
DA:1554,1
DA:1555,1
DA:1557,1
DA:1558,1
DA:1561,1
DA:1564,1
DA:1565,1
DA:1566,1
DA:1568,1
DA:1569,1
DA:1572,1
DA:1575,1
DA:1576,1
DA:1577,1
DA:1579,1
DA:1580,1
DA:1583,1
DA:1586,1
DA:1587,1
DA:1588,1
DA:1590,1
DA:1591,1
DA:1594,1
DA:1597,1
DA:1598,1
DA:1599,1
DA:1601,1
DA:1602,1
DA:1605,1
DA:1608,1
DA:1609,1
DA:1610,1
DA:1611,1
DA:1612,1
DA:1614,1
DA:1615,1
DA:1618,1
DA:1619,1
DA:1620,1
DA:1621,1
DA:1622,1
DA:1623,1
DA:1624,1
DA:1625,1
DA:1629,1
DA:1632,1
DA:1633,1
DA:1634,1
DA:1635,1
DA:1636,1
DA:1638,1
DA:1639,1
DA:1643,1
DA:1646,1
DA:1647,1
DA:1648,1
DA:1649,1
DA:1650,1
DA:1652,1
DA:1653,1
DA:1657,1
DA:1660,1
DA:1661,1
DA:1662,1
DA:1663,1
DA:1664,1
DA:1665,1
DA:1667,1
DA:1668,1
DA:1672,1
DA:1675,1
DA:1676,1
DA:1677,1
DA:1678,1
DA:1679,1
DA:1681,1
DA:1682,1
DA:1686,1
DA:1689,1
DA:1690,1
DA:1691,1
DA:1692,1
DA:1693,1
DA:1694,1
DA:1695,1
DA:1697,1
DA:1698,1
DA:1702,1
DA:1705,1
DA:1706,1
DA:1707,1
DA:1708,1
DA:1709,1
DA:1710,1
DA:1712,1
DA:1713,1
DA:1717,1
DA:1720,1
DA:1721,1
DA:1722,1
DA:1723,1
DA:1724,1
DA:1725,1
DA:1726,1
DA:1728,1
DA:1729,1
DA:1733,1
DA:1736,1
DA:1737,1
DA:1738,1
DA:1739,1
DA:1740,1
DA:1741,1
DA:1743,1
DA:1744,1
DA:1748,1
DA:1751,1
DA:1752,1
DA:1753,1
DA:1757,1
DA:1758,1
DA:1762,1
DA:1765,1
DA:1766,1
DA:1767,1
DA:1768,1
DA:1769,1
DA:1770,1
DA:1771,1
DA:1773,1
DA:1774,1
DA:1778,1
DA:1781,1
DA:1782,1
DA:1783,1
DA:1784,1
DA:1785,1
DA:1786,1
DA:1787,1
DA:1789,1
DA:1790,1
DA:1794,1
DA:1797,1
DA:1798,1
DA:1799,1
DA:1800,1
DA:1801,1
DA:1802,1
DA:1803,1
DA:1805,1
DA:1806,1
DA:1810,1
DA:1813,1
DA:1814,1
DA:1815,1
DA:1816,1
DA:1817,1
DA:1818,1
DA:1819,1
DA:1821,1
DA:1822,1
DA:1826,1
DA:1829,1
DA:1830,1
DA:1831,1
DA:1832,1
DA:1833,1
DA:1834,1
DA:1835,1
DA:1836,1
DA:1837,1
DA:1838,1
DA:1839,1
DA:1843,1
DA:1844,1
DA:1848,1
DA:1849,1
DA:1850,1
DA:1851,1
DA:1852,1
DA:1853,1
DA:1854,1
DA:1855,1
DA:1857,1
DA:1858,1
DA:1859,1
DA:1860,1
DA:1861,1
DA:1862,1
DA:1863,1
DA:1864,1
DA:1867,1
DA:1870,1
DA:1871,1
DA:1872,1
DA:1873,1
DA:1874,1
DA:1875,1
DA:1876,1
DA:1877,1
DA:1879,1
DA:1880,1
DA:1883,1
DA:1886,1
DA:1887,1
DA:1888,1
DA:1889,1
DA:1890,1
DA:1891,1
DA:1893,1
DA:1894,1
DA:1896,1
DA:1899,1
DA:1900,1
DA:1901,1
DA:1903,1
DA:1904,1
DA:1907,1
DA:1910,1
DA:1911,1
DA:1912,1
DA:1914,1
DA:1915,1
DA:1918,1
DA:1921,1
DA:1922,1
DA:1923,1
DA:1925,1
DA:1926,1
DA:1929,1
DA:1932,1
DA:1933,1
DA:1934,1
DA:1936,1
DA:1937,1
DA:1940,1
DA:1943,1
DA:1944,1
DA:1945,1
DA:1947,1
DA:1948,1
DA:1951,1
DA:1954,1
DA:1955,1
DA:1956,1
DA:1958,1
DA:1959,1
DA:1962,1
DA:1965,1
DA:1966,1
DA:1967,1
DA:1969,1
DA:1970,1
DA:1973,1
DA:1976,1
DA:1977,1
DA:1978,1
DA:1980,1
DA:1981,1
DA:1984,1
DA:1987,1
DA:1988,1
DA:1989,1
DA:1991,1
DA:1992,1
DA:1995,1
DA:1998,1
DA:1999,1
DA:2000,1
DA:2002,1
DA:2003,1
DA:2006,1
DA:2009,1
DA:2010,1
DA:2011,1
DA:2013,1
DA:2014,1
DA:2017,1
DA:2020,1
DA:2021,1
DA:2022,1
DA:2024,1
DA:2025,1
DA:2028,1
DA:2031,1
DA:2032,1
DA:2033,1
DA:2035,1
DA:2036,1
DA:2039,1
DA:2042,1
DA:2043,1
DA:2044,1
DA:2046,1
DA:2047,1
DA:2050,1
DA:2053,1
DA:2054,1
DA:2055,1
DA:2057,1
DA:2058,1
DA:2061,1
DA:2064,1
DA:2065,1
DA:2066,1
DA:2068,1
DA:2069,1
DA:2072,1
DA:2075,1
DA:2076,1
DA:2077,1
DA:2079,1
DA:2080,1
DA:2083,1
DA:2086,1
DA:2087,1
DA:2088,1
DA:2090,1
DA:2091,1
DA:2094,1
DA:2097,1
DA:2098,1
DA:2099,1
DA:2101,1
DA:2102,1
DA:2105,1
DA:2108,1
DA:2109,1
DA:2110,1
DA:2112,1
DA:2113,1
DA:2116,1
DA:2119,1
DA:2120,1
DA:2121,1
DA:2123,1
DA:2124,1
DA:2127,1
DA:2130,1
DA:2131,1
DA:2132,1
DA:2134,1
DA:2135,1
DA:2138,1
DA:2141,1
DA:2142,1
DA:2143,1
DA:2145,1
DA:2146,1
DA:2149,1
DA:2152,1
DA:2153,1
DA:2154,1
DA:2156,1
DA:2157,1
DA:2160,1
DA:2163,1
DA:2164,1
DA:2165,1
DA:2167,1
DA:2168,1
DA:2171,1
DA:2174,1
DA:2175,1
DA:2176,1
DA:2178,1
DA:2179,1
DA:2182,1
DA:2185,1
DA:2186,1
DA:2187,1
DA:2189,1
DA:2190,1
DA:2193,1
DA:2196,1
DA:2197,1
DA:2198,1
DA:2200,1
DA:2201,1
DA:2204,1
DA:2207,1
DA:2208,1
DA:2209,1
DA:2211,1
DA:2212,1
DA:2215,1
DA:2218,1
DA:2219,1
DA:2220,1
DA:2222,1
DA:2223,1
DA:2226,1
DA:2229,1
DA:2230,1
DA:2231,1
DA:2233,1
DA:2234,1
DA:2237,1
DA:2240,1
DA:2241,1
DA:2242,1
DA:2244,1
DA:2245,1
DA:2248,1
DA:2251,1
DA:2252,1
DA:2253,1
DA:2255,1
DA:2256,1
DA:2259,1
DA:2262,1
DA:2263,1
DA:2264,1
DA:2266,1
DA:2267,1
DA:2270,1
DA:2273,1
DA:2274,1
DA:2275,1
DA:2277,1
DA:2278,1
DA:2281,1
DA:2284,1
DA:2285,1
DA:2286,1
DA:2288,1
DA:2289,1
DA:2292,1
DA:2295,1
DA:2296,1
DA:2297,1
DA:2299,1
DA:2300,1
DA:2303,1
DA:2306,1
DA:2307,1
DA:2308,1
DA:2310,1
DA:2311,1
DA:2314,1
DA:2317,1
DA:2318,1
DA:2319,1
DA:2321,1
DA:2322,1
DA:2325,1
DA:2328,1
DA:2329,1
DA:2330,1
DA:2332,1
DA:2333,1
DA:2336,1
DA:2339,1
DA:2340,1
DA:2341,1
DA:2343,1
DA:2344,1
DA:2347,1
DA:2350,1
DA:2351,1
DA:2352,1
DA:2354,1
DA:2355,1
DA:2358,1
DA:2361,1
DA:2362,1
DA:2363,1
DA:2365,1
DA:2366,1
DA:2369,1
DA:2372,1
DA:2373,1
DA:2374,1
DA:2376,1
DA:2377,1
DA:2380,1
DA:2383,1
DA:2384,1
DA:2385,1
DA:2387,1
DA:2388,1
DA:2391,1
DA:2394,1
DA:2395,1
DA:2396,1
DA:2398,1
DA:2399,1
DA:2402,1
DA:2405,1
DA:2406,1
DA:2407,1
DA:2409,1
DA:2410,1
DA:2413,1
DA:2416,1
DA:2417,1
DA:2418,1
DA:2420,1
DA:2421,1
DA:2424,1
DA:2427,1
DA:2428,1
DA:2429,1
DA:2431,1
DA:2432,1
DA:2435,1
DA:2438,1
DA:2439,1
DA:2440,1
DA:2442,1
DA:2443,1
DA:2446,1
DA:2449,1
DA:2450,1
DA:2451,1
DA:2453,1
DA:2454,1
DA:2457,1
DA:2460,1
DA:2461,1
DA:2462,1
DA:2463,1
DA:2464,1
DA:2467,1
DA:2468,1
DA:2469,1
DA:2470,1
DA:2471,1
DA:2472,1
DA:2473,1
DA:2474,1
DA:2478,1
DA:2481,1
DA:2482,1
DA:2483,1
DA:2484,1
DA:2485,1
DA:2487,1
DA:2488,1
DA:2492,1
DA:2495,1
DA:2496,1
DA:2497,1
DA:2498,1
DA:2499,1
DA:2501,1
DA:2502,1
DA:2506,1
DA:2509,1
DA:2510,1
DA:2511,1
DA:2512,1
DA:2513,1
DA:2514,1
DA:2516,1
DA:2517,1
DA:2521,1
DA:2524,1
DA:2525,1
DA:2526,1
DA:2527,1
DA:2528,1
DA:2530,1
DA:2531,1
DA:2535,1
DA:2538,1
DA:2539,1
DA:2540,1
DA:2541,1
DA:2542,1
DA:2543,1
DA:2545,1
DA:2546,1
DA:2550,1
DA:2553,1
DA:2554,1
DA:2555,1
DA:2556,1
DA:2557,1
DA:2558,1
DA:2560,1
DA:2561,1
DA:2565,1
DA:2568,1
DA:2569,1
DA:2570,1
DA:2571,1
DA:2572,1
DA:2573,1
DA:2574,1
DA:2576,1
DA:2577,1
DA:2581,1
DA:2584,1
DA:2585,1
DA:2586,1
DA:2587,1
DA:2588,1
DA:2589,1
DA:2591,1
DA:2592,1
DA:2596,1
DA:2599,1
DA:2600,1
DA:2601,1
DA:2602,1
DA:2603,1
DA:2606,1
DA:2607,1
DA:2611,1
DA:2614,1
DA:2615,1
DA:2616,1
DA:2617,1
DA:2618,1
DA:2619,1
DA:2620,1
DA:2622,1
DA:2623,1
DA:2627,1
DA:2630,1
DA:2631,1
DA:2632,1
DA:2633,1
DA:2634,1
DA:2635,1
DA:2636,1
DA:2638,1
DA:2639,1
DA:2643,1
DA:2646,1
DA:2647,1
DA:2648,1
DA:2649,1
DA:2650,1
DA:2651,1
DA:2652,1
DA:2654,1
DA:2655,1
DA:2659,1
DA:2662,1
DA:2663,1
DA:2664,1
DA:2665,1
DA:2666,1
DA:2667,1
DA:2668,1
DA:2670,1
DA:2671,1
DA:2675,1
DA:2678,1
DA:2679,1
DA:2680,1
DA:2681,1
DA:2682,1
DA:2683,1
DA:2684,1
DA:2685,1
DA:2686,1
DA:2687,1
DA:2688,1
DA:2692,1
DA:2693,1
DA:2696,1
DA:2699,1
DA:2700,1
DA:2701,1
DA:2702,1
DA:2703,1
DA:2706,1
DA:2709,1
DA:2710,1
DA:2711,1
DA:2712,1
DA:2713,1
DA:2714,1
DA:2716,1
DA:2717,1
DA:2719,259
DA:2722,259
DA:2723,259
DA:2725,259
DA:2726,259
DA:2727,259
DA:2728,259
DA:2729,259
DA:2730,259
DA:2731,259
DA:2732,259
DA:2733,259
DA:2734,259
DA:2736,259
DA:2737,259
DA:2738,259
DA:2739,259
DA:2740,259
DA:2741,259
DA:2742,259
DA:2743,259
DA:2744,259
DA:2745,259
DA:2746,259
DA:2747,259
DA:2748,259
DA:2749,259
DA:2750,259
DA:2751,259
DA:2753,259
DA:2754,259
DA:2755,259
DA:2756,259
DA:2757,259
DA:2758,259
DA:2759,259
DA:2760,259
DA:2761,259
DA:2762,259
DA:2764,259
DA:2765,259
DA:2766,259
DA:2767,259
DA:2768,259
DA:2769,259
DA:2771,259
DA:2772,259
DA:2773,259
DA:2774,259
DA:2775,259
DA:2776,259
DA:2777,259
DA:2778,259
DA:2779,259
DA:2780,259
DA:2781,259
DA:2782,259
DA:2783,259
DA:2784,259
DA:2785,259
DA:2787,259
DA:2788,259
DA:2789,259
DA:2790,259
DA:2791,259
DA:2792,259
DA:2793,259
DA:2794,259
DA:2796,259
DA:2797,259
DA:2798,259
DA:2799,259
DA:2800,259
DA:2801,259
DA:2802,259
DA:2803,259
DA:2804,259
DA:2806,259
DA:2807,259
DA:2808,259
DA:2809,259
DA:2810,259
DA:2811,259
DA:2813,259
DA:2814,259
DA:2815,259
DA:2816,259
DA:2817,259
DA:2818,259
DA:2819,259
DA:2820,259
DA:2821,259
DA:2822,259
DA:2823,259
DA:2824,259
DA:2826,259
DA:2827,259
DA:2828,259
DA:2829,259
DA:2830,259
DA:2831,259
DA:2832,259
DA:2833,259
DA:2834,259
DA:2835,259
DA:2836,259
DA:2837,259
DA:2838,259
DA:2839,259
DA:2841,259
DA:2842,259
DA:2843,259
DA:2844,259
DA:2845,259
DA:2846,259
DA:2848,259
DA:2849,259
DA:2850,259
DA:2851,259
DA:2852,259
DA:2853,259
DA:2854,259
DA:2855,259
DA:2857,259
DA:2858,259
DA:2859,259
DA:2860,259
DA:2861,259
DA:2862,259
DA:2863,259
DA:2864,259
DA:2865,259
DA:2866,259
DA:2867,259
DA:2868,259
DA:2871,259
DA:2872,259
DA:2873,259
DA:2874,259
DA:2875,259
DA:2876,259
DA:2877,259
DA:2878,259
DA:2879,259
DA:2880,259
DA:2882,259
DA:2883,259
DA:2884,259
DA:2885,259
DA:2886,259
DA:2887,259
DA:2888,259
DA:2889,259
DA:2890,259
DA:2895,259
DA:2896,259
DA:2897,259
DA:2898,259
DA:2899,259
DA:2900,259
DA:2901,259
DA:2902,259
DA:2903,259
DA:2904,259
DA:2905,259
DA:2906,259
DA:2907,259
DA:2908,259
DA:2909,259
DA:2910,259
DA:2911,259
DA:2912,259
DA:2913,259
DA:2915,259
DA:2916,259
DA:2917,259
DA:2918,259
DA:2919,259
DA:2920,259
DA:2921,259
DA:2922,259
DA:2923,259
DA:2924,259
DA:2925,259
DA:2926,259
DA:2927,259
DA:2928,259
DA:2929,259
DA:2930,259
DA:2931,259
DA:2932,259
DA:2933,259
DA:2934,259
DA:2935,259
DA:2936,259
DA:2937,259
DA:2938,259
DA:2939,259
DA:2940,259
DA:2941,259
DA:2942,259
DA:2943,259
DA:2944,259
DA:2945,259
DA:2946,259
DA:2947,259
DA:2948,259
DA:2949,259
DA:2950,259
DA:2951,259
DA:2952,259
DA:2953,259
DA:2954,259
DA:2955,259
DA:2956,259
DA:2957,259
DA:2958,259
DA:2959,259
DA:2960,259
DA:2961,259
DA:2962,259
DA:2963,259
DA:2964,259
DA:2965,259
DA:2966,259
DA:2968,259
DA:2969,259
DA:2970,259
DA:2971,259
DA:2972,259
DA:2973,259
DA:2974,259
DA:2975,259
DA:2976,259
DA:2977,259
DA:2978,259
DA:2979,259
DA:2980,259
DA:2981,259
DA:2982,259
DA:2983,259
DA:2984,259
DA:2985,259
DA:2986,259
DA:2988,259
DA:2989,259
DA:2990,259
DA:2991,259
DA:2992,259
DA:2993,259
DA:2994,259
DA:2995,259
DA:2996,259
DA:2997,259
DA:2998,259
DA:2999,259
DA:3000,259
DA:3001,259
DA:3002,259
DA:3003,259
DA:3004,259
DA:3006,259
DA:3008,259
DA:3011,259
DA:3012,259
DA:3013,259
DA:3014,259
DA:3015,1
DA:3016,1
DA:3017,1
end_of_record
TN:gcov_report
SF:/home/t1/21/strings+/final_strings/tests/test2/C2_s21_stringplus-2/src/s21_string_tests.c
FN:9,memchr_1_fn
FNDA:1,memchr_1_fn
FN:17,memchr_2_fn
FNDA:1,memchr_2_fn
FN:25,memchr_3_fn
FNDA:1,memchr_3_fn
FN:33,memchr_4_fn
FNDA:1,memchr_4_fn
FN:41,memchr_5_fn
FNDA:1,memchr_5_fn
FN:49,memchr_6_fn
FNDA:1,memchr_6_fn
FN:57,memchr_7_fn
FNDA:1,memchr_7_fn
FN:65,memchr_8_fn
FNDA:1,memchr_8_fn
FN:73,memchr_9_fn
FNDA:1,memchr_9_fn
FN:81,memchr_10_fn
FNDA:1,memchr_10_fn
FN:89,memcmp_1_fn
FNDA:1,memcmp_1_fn
FN:101,memcmp_2_fn
FNDA:1,memcmp_2_fn
FN:113,memcmp_3_fn
FNDA:1,memcmp_3_fn
FN:125,memcmp_4_fn
FNDA:1,memcmp_4_fn
FN:137,memcmp_5_fn
FNDA:1,memcmp_5_fn
FN:149,memcmp_6_fn
FNDA:1,memcmp_6_fn
FN:161,memcmp_7_fn
FNDA:1,memcmp_7_fn
FN:173,memcmp_8_fn
FNDA:1,memcmp_8_fn
FN:185,memcmp_9_fn
FNDA:1,memcmp_9_fn
FN:197,memcmp_10_fn
FNDA:1,memcmp_10_fn
FN:209,memcmp_11_fn
FNDA:1,memcmp_11_fn
FN:221,memcmp_12_fn
FNDA:1,memcmp_12_fn
FN:233,memcmp_13_fn
FNDA:1,memcmp_13_fn
FN:245,memcmp_14_fn
FNDA:1,memcmp_14_fn
FN:261,memcmp_15_fn
FNDA:1,memcmp_15_fn
FN:277,memcmp_16_fn
FNDA:1,memcmp_16_fn
FN:289,memcpy_1_fn
FNDA:1,memcpy_1_fn
FN:298,memcpy_2_fn
FNDA:1,memcpy_2_fn
FN:307,memcpy_3_fn
FNDA:1,memcpy_3_fn
FN:316,memcpy_4_fn
FNDA:1,memcpy_4_fn
FN:325,memcpy_5_fn
FNDA:1,memcpy_5_fn
FN:334,memcpy_6_fn
FNDA:1,memcpy_6_fn
FN:343,memcpy_7_fn
FNDA:1,memcpy_7_fn
FN:352,memcpy_8_fn
FNDA:1,memcpy_8_fn
FN:361,memcpy_9_fn
FNDA:1,memcpy_9_fn
FN:370,memcpy_10_fn
FNDA:1,memcpy_10_fn
FN:379,memset_1_fn
FNDA:1,memset_1_fn
FN:388,memset_2_fn
FNDA:1,memset_2_fn
FN:397,memset_3_fn
FNDA:1,memset_3_fn
FN:406,memset_4_fn
FNDA:1,memset_4_fn
FN:415,memset_5_fn
FNDA:1,memset_5_fn
FN:424,memset_6_fn
FNDA:1,memset_6_fn
FN:433,strncat_1_fn
FNDA:1,strncat_1_fn
FN:442,strncat_2_fn
FNDA:1,strncat_2_fn
FN:451,strncat_3_fn
FNDA:1,strncat_3_fn
FN:460,strncat_4_fn
FNDA:1,strncat_4_fn
FN:469,strncat_5_fn
FNDA:1,strncat_5_fn
FN:478,strncat_6_fn
FNDA:1,strncat_6_fn
FN:488,strncat_7_fn
FNDA:1,strncat_7_fn
FN:497,strncat_8_fn
FNDA:1,strncat_8_fn
FN:506,strncat_9_fn
FNDA:1,strncat_9_fn
FN:515,strncat_10_fn
FNDA:1,strncat_10_fn
FN:524,strncat_11_fn
FNDA:1,strncat_11_fn
FN:533,strncat_12_fn
FNDA:1,strncat_12_fn
FN:542,strncat_13_fn
FNDA:1,strncat_13_fn
FN:551,strncat_14_fn
FNDA:1,strncat_14_fn
FN:560,strncat_15_fn
FNDA:1,strncat_15_fn
FN:569,strchr_1_fn
FNDA:1,strchr_1_fn
FN:576,strchr_2_fn
FNDA:1,strchr_2_fn
FN:583,strchr_3_fn
FNDA:1,strchr_3_fn
FN:590,strchr_4_fn
FNDA:1,strchr_4_fn
FN:597,strchr_5_fn
FNDA:1,strchr_5_fn
FN:604,strchr_6_fn
FNDA:1,strchr_6_fn
FN:611,strchr_7_fn
FNDA:1,strchr_7_fn
FN:618,strchr_8_fn
FNDA:1,strchr_8_fn
FN:625,strncmp_1_fn
FNDA:1,strncmp_1_fn
FN:637,strncmp_2_fn
FNDA:1,strncmp_2_fn
FN:649,strncmp_3_fn
FNDA:1,strncmp_3_fn
FN:661,strncmp_4_fn
FNDA:1,strncmp_4_fn
FN:673,strncmp_5_fn
FNDA:1,strncmp_5_fn
FN:685,strncmp_6_fn
FNDA:1,strncmp_6_fn
FN:697,strncmp_7_fn
FNDA:1,strncmp_7_fn
FN:709,strncmp_8_fn
FNDA:1,strncmp_8_fn
FN:721,strncmp_9_fn
FNDA:1,strncmp_9_fn
FN:733,strncpy_1_fn
FNDA:1,strncpy_1_fn
FN:742,strncpy_2_fn
FNDA:1,strncpy_2_fn
FN:751,strncpy_3_fn
FNDA:1,strncpy_3_fn
FN:760,strncpy_4_fn
FNDA:1,strncpy_4_fn
FN:769,strncpy_5_fn
FNDA:1,strncpy_5_fn
FN:779,strncpy_6_fn
FNDA:1,strncpy_6_fn
FN:788,strcspn_1_fn
FNDA:1,strcspn_1_fn
FN:796,strcspn_2_fn
FNDA:1,strcspn_2_fn
FN:805,strcspn_3_fn
FNDA:1,strcspn_3_fn
FN:812,strcspn_4_fn
FNDA:1,strcspn_4_fn
FN:819,strcspn_5_fn
FNDA:1,strcspn_5_fn
FN:826,strcspn_6_fn
FNDA:1,strcspn_6_fn
FN:833,strcspn_7_fn
FNDA:1,strcspn_7_fn
FN:840,strcspn_8_fn
FNDA:1,strcspn_8_fn
FN:847,strcspn_9_fn
FNDA:1,strcspn_9_fn
FN:854,strcspn_10_fn
FNDA:1,strcspn_10_fn
FN:861,strcspn_11_fn
FNDA:1,strcspn_11_fn
FN:868,strcspn_12_fn
FNDA:1,strcspn_12_fn
FN:875,strlen_1_fn
FNDA:1,strlen_1_fn
FN:881,strlen_2_fn
FNDA:1,strlen_2_fn
FN:889,strlen_3_fn
FNDA:1,strlen_3_fn
FN:895,strlen_4_fn
FNDA:1,strlen_4_fn
FN:901,strlen_5_fn
FNDA:1,strlen_5_fn
FN:908,strlen_6_fn
FNDA:1,strlen_6_fn
FN:914,strlen_7_fn
FNDA:1,strlen_7_fn
FN:920,strlen_8_fn
FNDA:1,strlen_8_fn
FN:926,strlen_9_fn
FNDA:1,strlen_9_fn
FN:932,strlen_10_fn
FNDA:1,strlen_10_fn
FN:938,strlen_11_fn
FNDA:1,strlen_11_fn
FN:944,strlen_12_fn
FNDA:1,strlen_12_fn
FN:950,strlen_13_fn
FNDA:1,strlen_13_fn
FN:956,strlen_14_fn
FNDA:1,strlen_14_fn
FN:962,strpbrk_1_fn
FNDA:1,strpbrk_1_fn
FN:969,strpbrk_2_fn
FNDA:1,strpbrk_2_fn
FN:976,strpbrk_3_fn
FNDA:1,strpbrk_3_fn
FN:983,strpbrk_4_fn
FNDA:1,strpbrk_4_fn
FN:990,strpbrk_5_fn
FNDA:1,strpbrk_5_fn
FN:997,strpbrk_6_fn
FNDA:1,strpbrk_6_fn
FN:1004,strrchr_1_fn
FNDA:1,strrchr_1_fn
FN:1011,strrchr_2_fn
FNDA:1,strrchr_2_fn
FN:1018,strrchr_3_fn
FNDA:1,strrchr_3_fn
FN:1025,strrchr_4_fn
FNDA:1,strrchr_4_fn
FN:1032,strrchr_5_fn
FNDA:1,strrchr_5_fn
FN:1039,strrchr_6_fn
FNDA:1,strrchr_6_fn
FN:1046,strrchr_7_fn
FNDA:1,strrchr_7_fn
FN:1053,strrchr_8_fn
FNDA:1,strrchr_8_fn
FN:1060,strstr_1_fn
FNDA:1,strstr_1_fn
FN:1067,strstr_2_fn
FNDA:1,strstr_2_fn
FN:1074,strstr_3_fn
FNDA:1,strstr_3_fn
FN:1081,strstr_4_fn
FNDA:1,strstr_4_fn
FN:1089,strstr_5_fn
FNDA:1,strstr_5_fn
FN:1096,strstr_6_fn
FNDA:1,strstr_6_fn
FN:1103,strstr_7_fn
FNDA:1,strstr_7_fn
FN:1110,strstr_8_fn
FNDA:1,strstr_8_fn
FN:1117,strstr_9_fn
FNDA:1,strstr_9_fn
FN:1124,strstr_10_fn
FNDA:1,strstr_10_fn
FN:1131,strstr_11_fn
FNDA:1,strstr_11_fn
FN:1138,strstr_12_fn
FNDA:1,strstr_12_fn
FN:1152,strtok_1_fn
FNDA:1,strtok_1_fn
FN:1160,strtok_2_fn
FNDA:1,strtok_2_fn
FN:1168,strtok_3_fn
FNDA:1,strtok_3_fn
FN:1176,strtok_4_fn
FNDA:1,strtok_4_fn
FN:1184,strtok_5_fn
FNDA:1,strtok_5_fn
FN:1192,strtok_6_fn
FNDA:1,strtok_6_fn
FN:1201,strtok_7_fn
FNDA:1,strtok_7_fn
FN:1209,strtok_8_fn
FNDA:1,strtok_8_fn
FN:1217,strtok_9_fn
FNDA:1,strtok_9_fn
FN:1225,strtok_10_fn
FNDA:1,strtok_10_fn
FN:1241,strtok_12_fn
FNDA:1,strtok_12_fn
FN:1249,strtok_13_fn
FNDA:1,strtok_13_fn
FN:1266,strtok_14_fn
FNDA:1,strtok_14_fn
FN:1283,strtok_15_fn
FNDA:1,strtok_15_fn
FN:1300,strtok_16_fn
FNDA:1,strtok_16_fn
FN:1318,strtok_17_fn
FNDA:1,strtok_17_fn
FN:1330,strtok_18_fn
FNDA:1,strtok_18_fn
FN:1344,strtok_19_fn
FNDA:1,strtok_19_fn
FN:1360,strtok_20_fn
FNDA:1,strtok_20_fn
FN:1387,sprintf_1_c_fn
FNDA:1,sprintf_1_c_fn
FN:1402,sprintf_2_c_fn
FNDA:1,sprintf_2_c_fn
FN:1417,sprintf_3_c_fn
FNDA:1,sprintf_3_c_fn
FN:1432,sprintf_4_c_fn
FNDA:1,sprintf_4_c_fn
FN:1447,sprintf_5_c_fn
FNDA:1,sprintf_5_c_fn
FN:1458,sprintf_6_c_fn
FNDA:1,sprintf_6_c_fn
FN:1470,sprintf_7_c_fn
FNDA:1,sprintf_7_c_fn
FN:1482,sprintf_8_c_fn
FNDA:1,sprintf_8_c_fn
FN:1495,sprintf_9_c_fn
FNDA:1,sprintf_9_c_fn
FN:1508,sprintf_10_c_fn
FNDA:1,sprintf_10_c_fn
FN:1521,sprintf_11_c_fn
FNDA:1,sprintf_11_c_fn
FN:1531,sprintf_12_c_fn
FNDA:1,sprintf_12_c_fn
FN:1541,sprintf_13_c_fn
FNDA:1,sprintf_13_c_fn
FN:1551,sprintf_14_c_fn
FNDA:1,sprintf_14_c_fn
FN:1561,sprintf_15_c_fn
FNDA:1,sprintf_15_c_fn
FN:1572,sprintf_16_c_fn
FNDA:1,sprintf_16_c_fn
FN:1583,sprintf_17_c_fn
FNDA:1,sprintf_17_c_fn
FN:1594,sprintf_18_c_fn
FNDA:1,sprintf_18_c_fn
FN:1605,sprintf_19_c_fn
FNDA:1,sprintf_19_c_fn
FN:1618,sprintf_1_signed_fn
FNDA:1,sprintf_1_signed_fn
FN:1629,sprintf_2_signed_fn
FNDA:1,sprintf_2_signed_fn
FN:1643,sprintf_3_signed_fn
FNDA:1,sprintf_3_signed_fn
FN:1657,sprintf_4_signed_fn
FNDA:1,sprintf_4_signed_fn
FN:1672,sprintf_5_signed_fn
FNDA:1,sprintf_5_signed_fn
FN:1686,sprintf_6_signed_fn
FNDA:1,sprintf_6_signed_fn
FN:1702,sprintf_7_signed_fn
FNDA:1,sprintf_7_signed_fn
FN:1717,sprintf_8_signed_fn
FNDA:1,sprintf_8_signed_fn
FN:1733,sprintf_9_signed_fn
FNDA:1,sprintf_9_signed_fn
FN:1748,sprintf_10_signed_fn
FNDA:1,sprintf_10_signed_fn
FN:1762,sprintf_11_signed_fn
FNDA:1,sprintf_11_signed_fn
FN:1778,sprintf_12_signed_fn
FNDA:1,sprintf_12_signed_fn
FN:1794,sprintf_13_signed_fn
FNDA:1,sprintf_13_signed_fn
FN:1810,sprintf_14_signed_fn
FNDA:1,sprintf_14_signed_fn
FN:1826,sprintf_15_signed_fn
FNDA:1,sprintf_15_signed_fn
FN:1848,sprintf_16_signed_fn
FNDA:1,sprintf_16_signed_fn
FN:1857,sprintf_17_signed_fn
FNDA:1,sprintf_17_signed_fn
FN:1867,sprintf_18_signed_fn
FNDA:1,sprintf_18_signed_fn
FN:1883,sprintf_19_signed_fn
FNDA:1,sprintf_19_signed_fn
FN:1896,sprintf_1_f_fn
FNDA:1,sprintf_1_f_fn
FN:1907,sprintf_2_f_fn
FNDA:1,sprintf_2_f_fn
FN:1918,sprintf_3_f_fn
FNDA:1,sprintf_3_f_fn
FN:1929,sprintf_4_f_fn
FNDA:1,sprintf_4_f_fn
FN:1940,sprintf_5_f_fn
FNDA:1,sprintf_5_f_fn
FN:1951,sprintf_6_f_fn
FNDA:1,sprintf_6_f_fn
FN:1962,sprintf_7_f_fn
FNDA:1,sprintf_7_f_fn
FN:1973,sprintf_8_f_fn
FNDA:1,sprintf_8_f_fn
FN:1984,sprintf_9_f_fn
FNDA:1,sprintf_9_f_fn
FN:1995,sprintf_10_f_fn
FNDA:1,sprintf_10_f_fn
FN:2006,sprintf_11_f_fn
FNDA:1,sprintf_11_f_fn
FN:2017,sprintf_12_f_fn
FNDA:1,sprintf_12_f_fn
FN:2028,sprintf_13_f_fn
FNDA:1,sprintf_13_f_fn
FN:2039,sprintf_14_f_fn
FNDA:1,sprintf_14_f_fn
FN:2050,sprintf_15_f_fn
FNDA:1,sprintf_15_f_fn
FN:2061,sprintf_16_f_fn
FNDA:1,sprintf_16_f_fn
FN:2072,sprintf_17_f_fn
FNDA:1,sprintf_17_f_fn
FN:2083,sprintf_18_f_fn
FNDA:1,sprintf_18_f_fn
FN:2094,sprintf_19_f_fn
FNDA:1,sprintf_19_f_fn
FN:2105,sprintf_20_f_fn
FNDA:1,sprintf_20_f_fn
FN:2116,sprintf_21_f_fn
FNDA:1,sprintf_21_f_fn
FN:2127,sprintf_22_f_fn
FNDA:1,sprintf_22_f_fn
FN:2138,sprintf_23_f_fn
FNDA:1,sprintf_23_f_fn
FN:2149,sprintf_24_f_fn
FNDA:1,sprintf_24_f_fn
FN:2160,sprintf_25_f_fn
FNDA:1,sprintf_25_f_fn
FN:2171,sprintf_26_f_fn
FNDA:1,sprintf_26_f_fn
FN:2182,sprintf_27_f_fn
FNDA:1,sprintf_27_f_fn
FN:2193,sprintf_28_f_fn
FNDA:1,sprintf_28_f_fn
FN:2204,sprintf_30_f_fn
FNDA:1,sprintf_30_f_fn
FN:2215,sprintf_31_f_fn
FNDA:1,sprintf_31_f_fn
FN:2226,sprintf_32_f_fn
FNDA:1,sprintf_32_f_fn
FN:2237,sprintf_33_f_fn
FNDA:1,sprintf_33_f_fn
FN:2248,sprintf_34_f_fn
FNDA:1,sprintf_34_f_fn
FN:2259,sprintf_35_f_fn
FNDA:1,sprintf_35_f_fn
FN:2270,sprintf_36_f_fn
FNDA:1,sprintf_36_f_fn
FN:2281,sprintf_37_f_fn
FNDA:1,sprintf_37_f_fn
FN:2292,sprintf_38_f_fn
FNDA:1,sprintf_38_f_fn
FN:2303,sprintf_39_f_fn
FNDA:1,sprintf_39_f_fn
FN:2314,sprintf_40_f_fn
FNDA:1,sprintf_40_f_fn
FN:2325,sprintf_41_f_fn
FNDA:1,sprintf_41_f_fn
FN:2336,sprintf_42_f_fn
FNDA:1,sprintf_42_f_fn
FN:2347,sprintf_43_f_fn
FNDA:1,sprintf_43_f_fn
FN:2358,sprintf_44_f_fn
FNDA:1,sprintf_44_f_fn
FN:2369,sprintf_45_f_fn
FNDA:1,sprintf_45_f_fn
FN:2380,sprintf_46_f_fn
FNDA:1,sprintf_46_f_fn
FN:2391,sprintf_47_f_fn
FNDA:1,sprintf_47_f_fn
FN:2402,sprintf_48_f_fn
FNDA:1,sprintf_48_f_fn
FN:2413,sprintf_49_f_fn
FNDA:1,sprintf_49_f_fn
FN:2424,sprintf_50_f_fn
FNDA:1,sprintf_50_f_fn
FN:2435,sprintf_51_f_fn
FNDA:1,sprintf_51_f_fn
FN:2446,sprintf_52_f_fn
FNDA:1,sprintf_52_f_fn
FN:2457,sprintf_54_f_fn
FNDA:1,sprintf_54_f_fn
FN:2467,sprintf_1_unsigned_fn
FNDA:1,sprintf_1_unsigned_fn
FN:2478,sprintf_2_unsigned_fn
FNDA:1,sprintf_2_unsigned_fn
FN:2492,sprintf_3_unsigned_fn
FNDA:1,sprintf_3_unsigned_fn
FN:2506,sprintf_4_unsigned_fn
FNDA:1,sprintf_4_unsigned_fn
FN:2521,sprintf_5_unsigned_fn
FNDA:1,sprintf_5_unsigned_fn
FN:2535,sprintf_6_unsigned_fn
FNDA:1,sprintf_6_unsigned_fn
FN:2550,sprintf_7_unsigned_fn
FNDA:1,sprintf_7_unsigned_fn
FN:2565,sprintf_8_unsigned_fn
FNDA:1,sprintf_8_unsigned_fn
FN:2581,sprintf_9_unsigned_fn
FNDA:1,sprintf_9_unsigned_fn
FN:2596,sprintf_10_unsigned_fn
FNDA:1,sprintf_10_unsigned_fn
FN:2611,sprintf_11_unsigned_fn
FNDA:1,sprintf_11_unsigned_fn
FN:2627,sprintf_12_unsigned_fn
FNDA:1,sprintf_12_unsigned_fn
FN:2643,sprintf_13_unsigned_fn
FNDA:1,sprintf_13_unsigned_fn
FN:2659,sprintf_14_unsigned_fn
FNDA:1,sprintf_14_unsigned_fn
FN:2675,sprintf_15_unsigned_fn
FNDA:1,sprintf_15_unsigned_fn
FN:2696,sprintf_16_unsigned_fn
FNDA:1,sprintf_16_unsigned_fn
FN:2706,sprintf_17_unsigned_fn
FNDA:1,sprintf_17_unsigned_fn
FN:2719,s21_string_suite
FNDA:259,s21_string_suite
FN:3011,main
FNDA:259,main
DA:9,1
DA:10,1
DA:11,1
DA:12,1
DA:13,1
DA:14,1
DA:17,1
DA:18,1
DA:19,1
DA:20,1
DA:21,1
DA:22,1
DA:25,1
DA:26,1
DA:27,1
DA:28,1
DA:29,1
DA:30,1
DA:33,1
DA:34,1
DA:35,1
DA:36,1
DA:37,1
DA:38,1
DA:41,1
DA:42,1
DA:43,1
DA:44,1
DA:45,1
DA:46,1
DA:49,1
DA:50,1
DA:51,1
DA:52,1
DA:53,1
DA:54,1
DA:57,1
DA:58,1
DA:59,1
DA:60,1
DA:61,1
DA:62,1
DA:65,1
DA:66,1
DA:67,1
DA:68,1
DA:69,1
DA:70,1
DA:73,1
DA:74,1
DA:75,1
DA:76,1
DA:77,1
DA:78,1
DA:81,1
DA:82,1
DA:83,1
DA:84,1
DA:85,1
DA:86,1
DA:89,1
DA:90,1
DA:91,1
DA:92,1
DA:93,1
DA:94,1
DA:95,1
DA:96,1
DA:97,1
DA:98,1
DA:101,1
DA:102,1
DA:103,1
DA:104,1
DA:105,1
DA:106,1
DA:107,1
DA:108,1
DA:109,1
DA:110,1
DA:113,1
DA:114,1
DA:115,1
DA:116,1
DA:117,1
DA:118,1
DA:119,1
DA:120,1
DA:121,1
DA:122,1
DA:125,1
DA:126,1
DA:127,1
DA:128,1
DA:129,1
DA:130,1
DA:131,1
DA:132,1
DA:133,1
DA:134,1
DA:137,1
DA:138,1
DA:139,1
DA:140,1
DA:141,1
DA:142,1
DA:143,1
DA:144,1
DA:145,1
DA:146,1
DA:149,1
DA:150,1
DA:151,1
DA:152,1
DA:153,1
DA:154,1
DA:155,1
DA:156,1
DA:157,1
DA:158,1
DA:161,1
DA:162,1
DA:163,1
DA:164,1
DA:165,1
DA:166,1
DA:167,1
DA:168,1
DA:169,1
DA:170,1
DA:173,1
DA:174,1
DA:175,1
DA:176,1
DA:177,1
DA:178,1
DA:179,1
DA:180,1
DA:181,1
DA:182,1
DA:185,1
DA:186,1
DA:187,1
DA:188,1
DA:189,1
DA:190,1
DA:191,1
DA:192,1
DA:193,1
DA:194,1
DA:197,1
DA:198,1
DA:199,1
DA:200,1
DA:201,1
DA:202,1
DA:203,1
DA:204,1
DA:205,1
DA:206,1
DA:209,1
DA:210,1
DA:211,1
DA:212,1
DA:213,1
DA:214,1
DA:215,1
DA:216,1
DA:217,1
DA:218,1
DA:221,1
DA:222,1
DA:223,1
DA:224,1
DA:225,1
DA:226,1
DA:227,1
DA:228,1
DA:229,1
DA:230,1
DA:233,1
DA:234,1
DA:235,1
DA:236,1
DA:237,1
DA:238,1
DA:239,1
DA:240,1
DA:241,1
DA:242,1
DA:245,1
DA:246,1
DA:249,1
DA:252,1
DA:253,1
DA:254,1
DA:255,1
DA:256,1
DA:257,1
DA:258,1
DA:261,1
DA:262,1
DA:265,1
DA:268,1
DA:269,1
DA:270,1
DA:271,1
DA:272,1
DA:273,1
DA:274,1
DA:277,1
DA:278,1
DA:279,1
DA:280,1
DA:281,1
DA:282,1
DA:283,1
DA:284,1
DA:285,1
DA:286,1
DA:289,1
DA:290,1
DA:291,1
DA:292,1
DA:293,1
DA:294,1
DA:295,1
DA:298,1
DA:299,1
DA:300,1
DA:301,1
DA:302,1
DA:303,1
DA:304,1
DA:307,1
DA:308,1
DA:309,1
DA:310,1
DA:311,1
DA:312,1
DA:313,1
DA:316,1
DA:317,1
DA:318,1
DA:319,1
DA:320,1
DA:321,1
DA:322,1
DA:325,1
DA:326,1
DA:327,1
DA:328,1
DA:329,1
DA:330,1
DA:331,1
DA:334,1
DA:335,1
DA:336,1
DA:337,1
DA:338,1
DA:339,1
DA:340,1
DA:343,1
DA:344,1
DA:345,1
DA:346,1
DA:347,1
DA:348,1
DA:349,1
DA:352,1
DA:353,1
DA:354,1
DA:355,1
DA:356,1
DA:357,1
DA:358,1
DA:361,1
DA:362,1
DA:363,1
DA:364,1
DA:365,1
DA:366,1
DA:367,1
DA:370,1
DA:371,1
DA:372,1
DA:373,1
DA:374,1
DA:375,1
DA:376,1
DA:379,1
DA:380,1
DA:381,1
DA:382,1
DA:383,1
DA:384,1
DA:385,1
DA:388,1
DA:389,1
DA:390,1
DA:391,1
DA:392,1
DA:393,1
DA:394,1
DA:397,1
DA:398,1
DA:399,1
DA:400,1
DA:401,1
DA:402,1
DA:403,1
DA:406,1
DA:407,1
DA:408,1
DA:409,1
DA:410,1
DA:411,1
DA:412,1
DA:415,1
DA:416,1
DA:417,1
DA:418,1
DA:419,1
DA:420,1
DA:421,1
DA:424,1
DA:425,1
DA:426,1
DA:427,1
DA:428,1
DA:429,1
DA:430,1
DA:433,1
DA:434,1
DA:435,1
DA:436,1
DA:437,1
DA:438,1
DA:439,1
DA:442,1
DA:443,1
DA:444,1
DA:445,1
DA:446,1
DA:447,1
DA:448,1
DA:451,1
DA:452,1
DA:453,1
DA:454,1
DA:455,1
DA:456,1
DA:457,1
DA:460,1
DA:461,1
DA:462,1
DA:463,1
DA:464,1
DA:465,1
DA:466,1
DA:469,1
DA:470,1
DA:471,1
DA:472,1
DA:473,1
DA:474,1
DA:475,1
DA:478,1
DA:479,1
DA:480,1
DA:481,1
DA:483,1
DA:484,1
DA:485,1
DA:488,1
DA:489,1
DA:490,1
DA:491,1
DA:492,1
DA:493,1
DA:494,1
DA:497,1
DA:498,1
DA:499,1
DA:500,1
DA:501,1
DA:502,1
DA:503,1
DA:506,1
DA:507,1
DA:508,1
DA:509,1
DA:510,1
DA:511,1
DA:512,1
DA:515,1
DA:516,1
DA:517,1
DA:518,1
DA:519,1
DA:520,1
DA:521,1
DA:524,1
DA:525,1
DA:526,1
DA:527,1
DA:528,1
DA:529,1
DA:530,1
DA:533,1
DA:534,1
DA:535,1
DA:536,1
DA:537,1
DA:538,1
DA:539,1
DA:542,1
DA:543,1
DA:544,1
DA:545,1
DA:546,1
DA:547,1
DA:548,1
DA:551,1
DA:552,1
DA:553,1
DA:554,1
DA:555,1
DA:556,1
DA:557,1
DA:560,1
DA:561,1
DA:562,1
DA:563,1
DA:564,1
DA:565,1
DA:566,1
DA:569,1
DA:570,1
DA:571,1
DA:572,1
DA:573,1
DA:576,1
DA:577,1
DA:578,1
DA:579,1
DA:580,1
DA:583,1
DA:584,1
DA:585,1
DA:586,1
DA:587,1
DA:590,1
DA:591,1
DA:592,1
DA:593,1
DA:594,1
DA:597,1
DA:598,1
DA:599,1
DA:600,1
DA:601,1
DA:604,1
DA:605,1
DA:606,1
DA:607,1
DA:608,1
DA:611,1
DA:612,1
DA:613,1
DA:614,1
DA:615,1
DA:618,1
DA:619,1
DA:620,1
DA:621,1
DA:622,1
DA:625,1
DA:626,1
DA:627,1
DA:628,1
DA:629,1
DA:630,1
DA:631,1
DA:632,1
DA:633,1
DA:634,1
DA:637,1
DA:638,1
DA:639,1
DA:640,1
DA:641,1
DA:642,1
DA:643,1
DA:644,1
DA:645,1
DA:646,1
DA:649,1
DA:650,1
DA:651,1
DA:652,1
DA:653,1
DA:654,1
DA:655,1
DA:656,1
DA:657,1
DA:658,1
DA:661,1
DA:662,1
DA:663,1
DA:664,1
DA:665,1
DA:666,1
DA:667,1
DA:668,1
DA:669,1
DA:670,1
DA:673,1
DA:674,1
DA:675,1
DA:676,1
DA:677,1
DA:678,1
DA:679,1
DA:680,1
DA:681,1
DA:682,1
DA:685,1
DA:686,1
DA:687,1
DA:688,1
DA:689,1
DA:690,1
DA:691,1
DA:692,1
DA:693,1
DA:694,1
DA:697,1
DA:698,1
DA:699,1
DA:700,1
DA:701,1
DA:702,1
DA:703,1
DA:704,1
DA:705,1
DA:706,1
DA:709,1
DA:710,1
DA:711,1
DA:712,1
DA:713,1
DA:714,1
DA:715,1
DA:716,1
DA:717,1
DA:718,1
DA:721,1
DA:722,1
DA:723,1
DA:724,1
DA:725,1
DA:726,1
DA:727,1
DA:728,1
DA:729,1
DA:730,1
DA:733,1
DA:734,1
DA:735,1
DA:736,1
DA:737,1
DA:738,1
DA:739,1
DA:742,1
DA:743,1
DA:744,1
DA:745,1
DA:746,1
DA:747,1
DA:748,1
DA:751,1
DA:752,1
DA:753,1
DA:754,1
DA:755,1
DA:756,1
DA:757,1
DA:760,1
DA:761,1
DA:762,1
DA:763,1
DA:764,1
DA:765,1
DA:766,1
DA:769,1
DA:770,1
DA:771,1
DA:772,1
DA:774,1
DA:775,1
DA:776,1
DA:779,1
DA:780,1
DA:781,1
DA:782,1
DA:783,1
DA:784,1
DA:785,1
DA:788,1
DA:789,1
DA:791,1
DA:792,1
DA:793,1
DA:796,1
DA:797,1
DA:799,1
DA:801,1
DA:802,1
DA:805,1
DA:806,1
DA:807,1
DA:808,1
DA:809,1
DA:812,1
DA:813,1
DA:814,1
DA:815,1
DA:816,1
DA:819,1
DA:820,1
DA:821,1
DA:822,1
DA:823,1
DA:826,1
DA:827,1
DA:828,1
DA:829,1
DA:830,1
DA:833,1
DA:834,1
DA:835,1
DA:836,1
DA:837,1
DA:840,1
DA:841,1
DA:842,1
DA:843,1
DA:844,1
DA:847,1
DA:848,1
DA:849,1
DA:850,1
DA:851,1
DA:854,1
DA:855,1
DA:856,1
DA:857,1
DA:858,1
DA:861,1
DA:862,1
DA:863,1
DA:864,1
DA:865,1
DA:868,1
DA:869,1
DA:870,1
DA:871,1
DA:872,1
DA:875,1
DA:876,1
DA:877,1
DA:878,1
DA:881,1
DA:882,1
DA:885,1
DA:886,1
DA:889,1
DA:890,1
DA:891,1
DA:892,1
DA:895,1
DA:896,1
DA:897,1
DA:898,1
DA:901,1
DA:902,1
DA:904,1
DA:905,1
DA:908,1
DA:909,1
DA:910,1
DA:911,1
DA:914,1
DA:915,1
DA:916,1
DA:917,1
DA:920,1
DA:921,1
DA:922,1
DA:923,1
DA:926,1
DA:927,1
DA:928,1
DA:929,1
DA:932,1
DA:933,1
DA:934,1
DA:935,1
DA:938,1
DA:939,1
DA:940,1
DA:941,1
DA:944,1
DA:945,1
DA:946,1
DA:947,1
DA:950,1
DA:951,1
DA:952,1
DA:953,1
DA:956,1
DA:957,1
DA:958,1
DA:959,1
DA:962,1
DA:963,1
DA:964,1
DA:965,1
DA:966,1
DA:969,1
DA:970,1
DA:971,1
DA:972,1
DA:973,1
DA:976,1
DA:977,1
DA:978,1
DA:979,1
DA:980,1
DA:983,1
DA:984,1
DA:985,1
DA:986,1
DA:987,1
DA:990,1
DA:991,1
DA:992,1
DA:993,1
DA:994,1
DA:997,1
DA:998,1
DA:999,1
DA:1000,1
DA:1001,1
DA:1004,1
DA:1005,1
DA:1006,1
DA:1007,1
DA:1008,1
DA:1011,1
DA:1012,1
DA:1013,1
DA:1014,1
DA:1015,1
DA:1018,1
DA:1019,1
DA:1020,1
DA:1021,1
DA:1022,1
DA:1025,1
DA:1026,1
DA:1027,1
DA:1028,1
DA:1029,1
DA:1032,1
DA:1033,1
DA:1034,1
DA:1035,1
DA:1036,1
DA:1039,1
DA:1040,1
DA:1041,1
DA:1042,1
DA:1043,1
DA:1046,1
DA:1047,1
DA:1048,1
DA:1049,1
DA:1050,1
DA:1053,1
DA:1054,1
DA:1055,1
DA:1056,1
DA:1057,1
DA:1060,1
DA:1061,1
DA:1062,1
DA:1063,1
DA:1064,1
DA:1067,1
DA:1068,1
DA:1069,1
DA:1070,1
DA:1071,1
DA:1074,1
DA:1075,1
DA:1076,1
DA:1077,1
DA:1078,1
DA:1081,1
DA:1082,1
DA:1084,1
DA:1085,1
DA:1086,1
DA:1089,1
DA:1090,1
DA:1091,1
DA:1092,1
DA:1093,1
DA:1096,1
DA:1097,1
DA:1098,1
DA:1099,1
DA:1100,1
DA:1103,1
DA:1104,1
DA:1105,1
DA:1106,1
DA:1107,1
DA:1110,1
DA:1111,1
DA:1112,1
DA:1113,1
DA:1114,1
DA:1117,1
DA:1118,1
DA:1119,1
DA:1120,1
DA:1121,1
DA:1124,1
DA:1125,1
DA:1126,1
DA:1127,1
DA:1128,1
DA:1131,1
DA:1132,1
DA:1133,1
DA:1134,1
DA:1135,1
DA:1138,1
DA:1139,1
DA:1140,1
DA:1141,1
DA:1142,1
DA:1152,1
DA:1153,1
DA:1154,1
DA:1155,1
DA:1156,1
DA:1157,1
DA:1160,1
DA:1161,1
DA:1162,1
DA:1163,1
DA:1164,1
DA:1165,1
DA:1168,1
DA:1169,1
DA:1170,1
DA:1171,1
DA:1172,1
DA:1173,1
DA:1176,1
DA:1177,1
DA:1178,1
DA:1179,1
DA:1180,1
DA:1181,1
DA:1184,1
DA:1185,1
DA:1186,1
DA:1187,1
DA:1188,1
DA:1189,1
DA:1192,1
DA:1193,1
DA:1194,1
DA:1195,1
DA:1197,1
DA:1198,1
DA:1201,1
DA:1202,1
DA:1203,1
DA:1204,1
DA:1205,1
DA:1206,1
DA:1209,1
DA:1210,1
DA:1211,1
DA:1212,1
DA:1213,1
DA:1214,1
DA:1217,1
DA:1218,1
DA:1219,1
DA:1220,1
DA:1221,1
DA:1222,1
DA:1225,1
DA:1226,1
DA:1227,1
DA:1228,1
DA:1229,1
DA:1230,1
DA:1241,1
DA:1242,1
DA:1243,1
DA:1244,1
DA:1245,1
DA:1246,1
DA:1249,1
DA:1250,1
DA:1251,1
DA:1252,1
DA:1253,1
DA:1254,1
DA:1256,1
DA:1257,6
DA:1258,5
DA:1260,1
DA:1261,1
DA:1262,1
DA:1263,1
DA:1266,1
DA:1267,1
DA:1268,1
DA:1269,1
DA:1270,1
DA:1271,1
DA:1273,1
DA:1274,6
DA:1275,5
DA:1277,1
DA:1278,1
DA:1279,1
DA:1280,1
DA:1283,1
DA:1284,1
DA:1285,1
DA:1286,1
DA:1287,1
DA:1288,1
DA:1290,1
DA:1291,6
DA:1292,5
DA:1294,1
DA:1295,1
DA:1296,1
DA:1297,1
DA:1300,1
DA:1301,1
DA:1302,1
DA:1303,1
DA:1304,1
DA:1305,1
DA:1306,1
DA:1308,1
DA:1309,6
DA:1310,5
DA:1312,1
DA:1313,1
DA:1314,1
DA:1315,1
DA:1318,1
DA:1319,1
DA:1320,1
DA:1321,1
DA:1322,1
DA:1323,1
DA:1324,1
DA:1325,1
DA:1326,1
DA:1327,1
DA:1330,1
DA:1331,1
DA:1332,1
DA:1333,1
DA:1334,1
DA:1335,1
DA:1336,1
DA:1337,1
DA:1338,1
DA:1339,1
DA:1340,1
DA:1341,1
DA:1344,1
DA:1345,1
DA:1346,1
DA:1347,1
DA:1348,1
DA:1349,1
DA:1351,1
DA:1352,1
DA:1354,1
DA:1355,1
DA:1356,1
DA:1357,1
DA:1360,1
DA:1361,1
DA:1362,1
DA:1363,1
DA:1364,1
DA:1365,1
DA:1366,1
DA:1367,1
DA:1368,1
DA:1369,1
DA:1370,1
DA:1371,1
DA:1387,1
DA:1390,1
DA:1391,1
DA:1392,1
DA:1393,1
DA:1394,1
DA:1395,1
DA:1396,1
DA:1398,1
DA:1399,1
DA:1402,1
DA:1405,1
DA:1406,1
DA:1407,1
DA:1408,1
DA:1409,1
DA:1410,1
DA:1411,1
DA:1413,1
DA:1414,1
DA:1417,1
DA:1420,1
DA:1421,1
DA:1422,1
DA:1423,1
DA:1424,1
DA:1425,1
DA:1426,1
DA:1428,1
DA:1429,1
DA:1432,1
DA:1435,1
DA:1436,1
DA:1437,1
DA:1438,1
DA:1439,1
DA:1440,1
DA:1441,1
DA:1443,1
DA:1444,1
DA:1447,1
DA:1450,1
DA:1451,1
DA:1452,1
DA:1454,1
DA:1455,1
DA:1458,1
DA:1461,1
DA:1462,1
DA:1463,1
DA:1464,1
DA:1466,1
DA:1467,1
DA:1470,1
DA:1473,1
DA:1474,1
DA:1475,1
DA:1476,1
DA:1478,1
DA:1479,1
DA:1482,1
DA:1485,1
DA:1486,1
DA:1487,1
DA:1488,1
DA:1489,1
DA:1491,1
DA:1492,1
DA:1495,1
DA:1498,1
DA:1499,1
DA:1500,1
DA:1501,1
DA:1502,1
DA:1504,1
DA:1505,1
DA:1508,1
DA:1511,1
DA:1512,1
DA:1513,1
DA:1514,1
DA:1515,1
DA:1517,1
DA:1518,1
DA:1521,1
DA:1524,1
DA:1525,1
DA:1527,1
DA:1528,1
DA:1531,1
DA:1534,1
DA:1535,1
DA:1537,1
DA:1538,1
DA:1541,1
DA:1544,1
DA:1545,1
DA:1547,1
DA:1548,1
DA:1551,1
DA:1554,1
DA:1555,1
DA:1557,1
DA:1558,1
DA:1561,1
DA:1564,1
DA:1565,1
DA:1566,1
DA:1568,1
DA:1569,1
DA:1572,1
DA:1575,1
DA:1576,1
DA:1577,1
DA:1579,1
DA:1580,1
DA:1583,1
DA:1586,1
DA:1587,1
DA:1588,1
DA:1590,1
DA:1591,1
DA:1594,1
DA:1597,1
DA:1598,1
DA:1599,1
DA:1601,1
DA:1602,1
DA:1605,1
DA:1608,1
DA:1609,1
DA:1610,1
DA:1611,1
DA:1612,1
DA:1614,1
DA:1615,1
DA:1618,1
DA:1619,1
DA:1620,1
DA:1621,1
DA:1622,1
DA:1623,1
DA:1624,1
DA:1625,1
DA:1629,1
DA:1632,1
DA:1633,1
DA:1634,1
DA:1635,1
DA:1636,1
DA:1638,1
DA:1639,1
DA:1643,1
DA:1646,1
DA:1647,1
DA:1648,1
DA:1649,1
DA:1650,1
DA:1652,1
DA:1653,1
DA:1657,1
DA:1660,1
DA:1661,1
DA:1662,1
DA:1663,1
DA:1664,1
DA:1665,1
DA:1667,1
DA:1668,1
DA:1672,1
DA:1675,1
DA:1676,1
DA:1677,1
DA:1678,1
DA:1679,1
DA:1681,1
DA:1682,1
DA:1686,1
DA:1689,1
DA:1690,1
DA:1691,1
DA:1692,1
DA:1693,1
DA:1694,1
DA:1695,1
DA:1697,1
DA:1698,1
DA:1702,1
DA:1705,1
DA:1706,1
DA:1707,1
DA:1708,1
DA:1709,1
DA:1710,1
DA:1712,1
DA:1713,1
DA:1717,1
DA:1720,1
DA:1721,1
DA:1722,1
DA:1723,1
DA:1724,1
DA:1725,1
DA:1726,1
DA:1728,1
DA:1729,1
DA:1733,1
DA:1736,1
DA:1737,1
DA:1738,1
DA:1739,1
DA:1740,1
DA:1741,1
DA:1743,1
DA:1744,1
DA:1748,1
DA:1751,1
DA:1752,1
DA:1753,1
DA:1757,1
DA:1758,1
DA:1762,1
DA:1765,1
DA:1766,1
DA:1767,1
DA:1768,1
DA:1769,1
DA:1770,1
DA:1771,1
DA:1773,1
DA:1774,1
DA:1778,1
DA:1781,1
DA:1782,1
DA:1783,1
DA:1784,1
DA:1785,1
DA:1786,1
DA:1787,1
DA:1789,1
DA:1790,1
DA:1794,1
DA:1797,1
DA:1798,1
DA:1799,1
DA:1800,1
DA:1801,1
DA:1802,1
DA:1803,1
DA:1805,1
DA:1806,1
DA:1810,1
DA:1813,1
DA:1814,1
DA:1815,1
DA:1816,1
DA:1817,1
DA:1818,1
DA:1819,1
DA:1821,1
DA:1822,1
DA:1826,1
DA:1829,1
DA:1830,1
DA:1831,1
DA:1832,1
DA:1833,1
DA:1834,1
DA:1835,1
DA:1836,1
DA:1837,1
DA:1838,1
DA:1839,1
DA:1843,1
DA:1844,1
DA:1848,1
DA:1849,1
DA:1850,1
DA:1851,1
DA:1852,1
DA:1853,1
DA:1854,1
DA:1855,1
DA:1857,1
DA:1858,1
DA:1859,1
DA:1860,1
DA:1861,1
DA:1862,1
DA:1863,1
DA:1864,1
DA:1867,1
DA:1870,1
DA:1871,1
DA:1872,1
DA:1873,1
DA:1874,1
DA:1875,1
DA:1876,1
DA:1877,1
DA:1879,1
DA:1880,1
DA:1883,1
DA:1886,1
DA:1887,1
DA:1888,1
DA:1889,1
DA:1890,1
DA:1891,1
DA:1893,1
DA:1894,1
DA:1896,1
DA:1899,1
DA:1900,1
DA:1901,1
DA:1903,1
DA:1904,1
DA:1907,1
DA:1910,1
DA:1911,1
DA:1912,1
DA:1914,1
DA:1915,1
DA:1918,1
DA:1921,1
DA:1922,1
DA:1923,1
DA:1925,1
DA:1926,1
DA:1929,1
DA:1932,1
DA:1933,1
DA:1934,1
DA:1936,1
DA:1937,1
DA:1940,1
DA:1943,1
DA:1944,1
DA:1945,1
DA:1947,1
DA:1948,1
DA:1951,1
DA:1954,1
DA:1955,1
DA:1956,1
DA:1958,1
DA:1959,1
DA:1962,1
DA:1965,1
DA:1966,1
DA:1967,1
DA:1969,1
DA:1970,1
DA:1973,1
DA:1976,1
DA:1977,1
DA:1978,1
DA:1980,1
DA:1981,1
DA:1984,1
DA:1987,1
DA:1988,1
DA:1989,1
DA:1991,1
DA:1992,1
DA:1995,1
DA:1998,1
DA:1999,1
DA:2000,1
DA:2002,1
DA:2003,1
DA:2006,1
DA:2009,1
DA:2010,1
DA:2011,1
DA:2013,1
DA:2014,1
DA:2017,1
DA:2020,1
DA:2021,1
DA:2022,1
DA:2024,1
DA:2025,1
DA:2028,1
DA:2031,1
DA:2032,1
DA:2033,1
DA:2035,1
DA:2036,1
DA:2039,1
DA:2042,1
DA:2043,1
DA:2044,1
DA:2046,1
DA:2047,1
DA:2050,1
DA:2053,1
DA:2054,1
DA:2055,1
DA:2057,1
DA:2058,1
DA:2061,1
DA:2064,1
DA:2065,1
DA:2066,1
DA:2068,1
DA:2069,1
DA:2072,1
DA:2075,1
DA:2076,1
DA:2077,1
DA:2079,1
DA:2080,1
DA:2083,1
DA:2086,1
DA:2087,1
DA:2088,1
DA:2090,1
DA:2091,1
DA:2094,1
DA:2097,1
DA:2098,1
DA:2099,1
DA:2101,1
DA:2102,1
DA:2105,1
DA:2108,1
DA:2109,1
DA:2110,1
DA:2112,1
DA:2113,1
DA:2116,1
DA:2119,1
DA:2120,1
DA:2121,1
DA:2123,1
DA:2124,1
DA:2127,1
DA:2130,1
DA:2131,1
DA:2132,1
DA:2134,1
DA:2135,1
DA:2138,1
DA:2141,1
DA:2142,1
DA:2143,1
DA:2145,1
DA:2146,1
DA:2149,1
DA:2152,1
DA:2153,1
DA:2154,1
DA:2156,1
DA:2157,1
DA:2160,1
DA:2163,1
DA:2164,1
DA:2165,1
DA:2167,1
DA:2168,1
DA:2171,1
DA:2174,1
DA:2175,1
DA:2176,1
DA:2178,1
DA:2179,1
DA:2182,1
DA:2185,1
DA:2186,1
DA:2187,1
DA:2189,1
DA:2190,1
DA:2193,1
DA:2196,1
DA:2197,1
DA:2198,1
DA:2200,1
DA:2201,1
DA:2204,1
DA:2207,1
DA:2208,1
DA:2209,1
DA:2211,1
DA:2212,1
DA:2215,1
DA:2218,1
DA:2219,1
DA:2220,1
DA:2222,1
DA:2223,1
DA:2226,1
DA:2229,1
DA:2230,1
DA:2231,1
DA:2233,1
DA:2234,1
DA:2237,1
DA:2240,1
DA:2241,1
DA:2242,1
DA:2244,1
DA:2245,1
DA:2248,1
DA:2251,1
DA:2252,1
DA:2253,1
DA:2255,1
DA:2256,1
DA:2259,1
DA:2262,1
DA:2263,1
DA:2264,1
DA:2266,1
DA:2267,1
DA:2270,1
DA:2273,1
DA:2274,1
DA:2275,1
DA:2277,1
DA:2278,1
DA:2281,1
DA:2284,1
DA:2285,1
DA:2286,1
DA:2288,1
DA:2289,1
DA:2292,1
DA:2295,1
DA:2296,1
DA:2297,1
DA:2299,1
DA:2300,1
DA:2303,1
DA:2306,1
DA:2307,1
DA:2308,1
DA:2310,1
DA:2311,1
DA:2314,1
DA:2317,1
DA:2318,1
DA:2319,1
DA:2321,1
DA:2322,1
DA:2325,1
DA:2328,1
DA:2329,1
DA:2330,1
DA:2332,1
DA:2333,1
DA:2336,1
DA:2339,1
DA:2340,1
DA:2341,1
DA:2343,1
DA:2344,1
DA:2347,1
DA:2350,1
DA:2351,1
DA:2352,1
DA:2354,1
DA:2355,1
DA:2358,1
DA:2361,1
DA:2362,1
DA:2363,1
DA:2365,1
DA:2366,1
DA:2369,1
DA:2372,1
DA:2373,1
DA:2374,1
DA:2376,1
DA:2377,1
DA:2380,1
DA:2383,1
DA:2384,1
DA:2385,1
DA:2387,1
DA:2388,1
DA:2391,1
DA:2394,1
DA:2395,1
DA:2396,1
DA:2398,1
DA:2399,1
DA:2402,1
DA:2405,1
DA:2406,1
DA:2407,1
DA:2409,1
DA:2410,1
DA:2413,1
DA:2416,1
DA:2417,1
DA:2418,1
DA:2420,1
DA:2421,1
DA:2424,1
DA:2427,1
DA:2428,1
DA:2429,1
DA:2431,1
DA:2432,1
DA:2435,1
DA:2438,1
DA:2439,1
DA:2440,1
DA:2442,1
DA:2443,1
DA:2446,1
DA:2449,1
DA:2450,1
DA:2451,1
DA:2453,1
DA:2454,1
DA:2457,1
DA:2460,1
DA:2461,1
DA:2462,1
DA:2463,1
DA:2464,1
DA:2467,1
DA:2468,1
DA:2469,1
DA:2470,1
DA:2471,1
DA:2472,1
DA:2473,1
DA:2474,1
DA:2478,1
DA:2481,1
DA:2482,1
DA:2483,1
DA:2484,1
DA:2485,1
DA:2487,1
DA:2488,1
DA:2492,1
DA:2495,1
DA:2496,1
DA:2497,1
DA:2498,1
DA:2499,1
DA:2501,1
DA:2502,1
DA:2506,1
DA:2509,1
DA:2510,1
DA:2511,1
DA:2512,1
DA:2513,1
DA:2514,1
DA:2516,1
DA:2517,1
DA:2521,1
DA:2524,1
DA:2525,1
DA:2526,1
DA:2527,1
DA:2528,1
DA:2530,1
DA:2531,1
DA:2535,1
DA:2538,1
DA:2539,1
DA:2540,1
DA:2541,1
DA:2542,1
DA:2543,1
DA:2545,1
DA:2546,1
DA:2550,1
DA:2553,1
DA:2554,1
DA:2555,1
DA:2556,1
DA:2557,1
DA:2558,1
DA:2560,1
DA:2561,1
DA:2565,1
DA:2568,1
DA:2569,1
DA:2570,1
DA:2571,1
DA:2572,1
DA:2573,1
DA:2574,1
DA:2576,1
DA:2577,1
DA:2581,1
DA:2584,1
DA:2585,1
DA:2586,1
DA:2587,1
DA:2588,1
DA:2589,1
DA:2591,1
DA:2592,1
DA:2596,1
DA:2599,1
DA:2600,1
DA:2601,1
DA:2602,1
DA:2603,1
DA:2606,1
DA:2607,1
DA:2611,1
DA:2614,1
DA:2615,1
DA:2616,1
DA:2617,1
DA:2618,1
DA:2619,1
DA:2620,1
DA:2622,1
DA:2623,1
DA:2627,1
DA:2630,1
DA:2631,1
DA:2632,1
DA:2633,1
DA:2634,1
DA:2635,1
DA:2636,1
DA:2638,1
DA:2639,1
DA:2643,1
DA:2646,1
DA:2647,1
DA:2648,1
DA:2649,1
DA:2650,1
DA:2651,1
DA:2652,1
DA:2654,1
DA:2655,1
DA:2659,1
DA:2662,1
DA:2663,1
DA:2664,1
DA:2665,1
DA:2666,1
DA:2667,1
DA:2668,1
DA:2670,1
DA:2671,1
DA:2675,1
DA:2678,1
DA:2679,1
DA:2680,1
DA:2681,1
DA:2682,1
DA:2683,1
DA:2684,1
DA:2685,1
DA:2686,1
DA:2687,1
DA:2688,1
DA:2692,1
DA:2693,1
DA:2696,1
DA:2699,1
DA:2700,1
DA:2701,1
DA:2702,1
DA:2703,1
DA:2706,1
DA:2709,1
DA:2710,1
DA:2711,1
DA:2712,1
DA:2713,1
DA:2714,1
DA:2716,1
DA:2717,1
DA:2719,259
DA:2722,259
DA:2723,259
DA:2725,259
DA:2726,259
DA:2727,259
DA:2728,259
DA:2729,259
DA:2730,259
DA:2731,259
DA:2732,259
DA:2733,259
DA:2734,259
DA:2736,259
DA:2737,259
DA:2738,259
DA:2739,259
DA:2740,259
DA:2741,259
DA:2742,259
DA:2743,259
DA:2744,259
DA:2745,259
DA:2746,259
DA:2747,259
DA:2748,259
DA:2749,259
DA:2750,259
DA:2751,259
DA:2753,259
DA:2754,259
DA:2755,259
DA:2756,259
DA:2757,259
DA:2758,259
DA:2759,259
DA:2760,259
DA:2761,259
DA:2762,259
DA:2764,259
DA:2765,259
DA:2766,259
DA:2767,259
DA:2768,259
DA:2769,259
DA:2771,259
DA:2772,259
DA:2773,259
DA:2774,259
DA:2775,259
DA:2776,259
DA:2777,259
DA:2778,259
DA:2779,259
DA:2780,259
DA:2781,259
DA:2782,259
DA:2783,259
DA:2784,259
DA:2785,259
DA:2787,259
DA:2788,259
DA:2789,259
DA:2790,259
DA:2791,259
DA:2792,259
DA:2793,259
DA:2794,259
DA:2796,259
DA:2797,259
DA:2798,259
DA:2799,259
DA:2800,259
DA:2801,259
DA:2802,259
DA:2803,259
DA:2804,259
DA:2806,259
DA:2807,259
DA:2808,259
DA:2809,259
DA:2810,259
DA:2811,259
DA:2813,259
DA:2814,259
DA:2815,259
DA:2816,259
DA:2817,259
DA:2818,259
DA:2819,259
DA:2820,259
DA:2821,259
DA:2822,259
DA:2823,259
DA:2824,259
DA:2826,259
DA:2827,259
DA:2828,259
DA:2829,259
DA:2830,259
DA:2831,259
DA:2832,259
DA:2833,259
DA:2834,259
DA:2835,259
DA:2836,259
DA:2837,259
DA:2838,259
DA:2839,259
DA:2841,259
DA:2842,259
DA:2843,259
DA:2844,259
DA:2845,259
DA:2846,259
DA:2848,259
DA:2849,259
DA:2850,259
DA:2851,259
DA:2852,259
DA:2853,259
DA:2854,259
DA:2855,259
DA:2857,259
DA:2858,259
DA:2859,259
DA:2860,259
DA:2861,259
DA:2862,259
DA:2863,259
DA:2864,259
DA:2865,259
DA:2866,259
DA:2867,259
DA:2868,259
DA:2871,259
DA:2872,259
DA:2873,259
DA:2874,259
DA:2875,259
DA:2876,259
DA:2877,259
DA:2878,259
DA:2879,259
DA:2880,259
DA:2882,259
DA:2883,259
DA:2884,259
DA:2885,259
DA:2886,259
DA:2887,259
DA:2888,259
DA:2889,259
DA:2890,259
DA:2895,259
DA:2896,259
DA:2897,259
DA:2898,259
DA:2899,259
DA:2900,259
DA:2901,259
DA:2902,259
DA:2903,259
DA:2904,259
DA:2905,259
DA:2906,259
DA:2907,259
DA:2908,259
DA:2909,259
DA:2910,259
DA:2911,259
DA:2912,259
DA:2913,259
DA:2915,259
DA:2916,259
DA:2917,259
DA:2918,259
DA:2919,259
DA:2920,259
DA:2921,259
DA:2922,259
DA:2923,259
DA:2924,259
DA:2925,259
DA:2926,259
DA:2927,259
DA:2928,259
DA:2929,259
DA:2930,259
DA:2931,259
DA:2932,259
DA:2933,259
DA:2934,259
DA:2935,259
DA:2936,259
DA:2937,259
DA:2938,259
DA:2939,259
DA:2940,259
DA:2941,259
DA:2942,259
DA:2943,259
DA:2944,259
DA:2945,259
DA:2946,259
DA:2947,259
DA:2948,259
DA:2949,259
DA:2950,259
DA:2951,259
DA:2952,259
DA:2953,259
DA:2954,259
DA:2955,259
DA:2956,259
DA:2957,259
DA:2958,259
DA:2959,259
DA:2960,259
DA:2961,259
DA:2962,259
DA:2963,259
DA:2964,259
DA:2965,259
DA:2966,259
DA:2968,259
DA:2969,259
DA:2970,259
DA:2971,259
DA:2972,259
DA:2973,259
DA:2974,259
DA:2975,259
DA:2976,259
DA:2977,259
DA:2978,259
DA:2979,259
DA:2980,259
DA:2981,259
DA:2982,259
DA:2983,259
DA:2984,259
DA:2985,259
DA:2986,259
DA:2988,259
DA:2989,259
DA:2990,259
DA:2991,259
DA:2992,259
DA:2993,259
DA:2994,259
DA:2995,259
DA:2996,259
DA:2997,259
DA:2998,259
DA:2999,259
DA:3000,259
DA:3001,259
DA:3002,259
DA:3003,259
DA:3004,259
DA:3006,259
DA:3008,259
DA:3011,259
DA:3012,259
DA:3013,259
DA:3014,259
DA:3015,1
DA:3016,1
DA:3017,1
end_of_record
TN:gcov_report
SF:/home/t1/21/strings+/final_strings/tests/test2/C2_s21_stringplus-2/src/s21_string.c
FN:3,s21_memchr
FNDA:10,s21_memchr
FN:14,s21_memcmp
FNDA:16,s21_memcmp
FN:25,s21_memcpy
FNDA:10,s21_memcpy
FN:32,s21_memset
FNDA:6,s21_memset
FN:39,s21_strncat
FNDA:15,s21_strncat
FN:48,s21_strchr
FNDA:8,s21_strchr
FN:59,s21_strncmp
FNDA:9,s21_strncmp
FN:70,s21_strncpy
FNDA:6,s21_strncpy
FN:83,s21_strcspn
FNDA:12,s21_strcspn
FN:103,s21_strerror
FNDA:0,s21_strerror
FN:221,s21_strlen
FNDA:375,s21_strlen
FN:229,s21_strpbrk
FNDA:6,s21_strpbrk
FN:245,s21_strrchr
FNDA:8,s21_strrchr
FN:255,s21_strstr
FNDA:12,s21_strstr
FN:282,s21_strtok
FNDA:57,s21_strtok
FN:326,reset_flags
FNDA:500,reset_flags
FN:336,print_char
FNDA:89,print_char
FN:361,print_string
FNDA:0,print_string
FN:394,print_number
FNDA:303,print_number
FN:428,s21_pow
FNDA:1310,s21_pow
FN:436,s21_itos
FNDA:78,s21_itos
FN:517,s21_uitos
FNDA:78,s21_uitos
FN:574,s21_ftos
FNDA:147,s21_ftos
FN:675,s21_sprintf
FNDA:108,s21_sprintf
DA:3,10
DA:4,10
DA:5,74
DA:6,68
DA:7,4
DA:8,4
DA:11,10
DA:14,16
DA:15,16
DA:16,337
DA:17,324
DA:18,3
DA:19,3
DA:22,16
DA:25,10
DA:26,37
DA:27,27
DA:29,10
DA:32,6
DA:33,35
DA:34,29
DA:36,6
DA:39,15
DA:40,15
DA:41,51
DA:42,36
DA:44,15
DA:45,15
DA:48,8
DA:49,8
DA:50,94
DA:51,91
DA:52,5
DA:53,5
DA:56,8
DA:59,9
DA:60,9
DA:61,58
DA:62,52
DA:63,3
DA:64,3
DA:67,9
DA:70,6
DA:71,6
DA:72,77
DA:73,71
DA:76,9
DA:77,3
DA:80,6
DA:83,12
DA:84,12
DA:86,25
DA:87,22
DA:88,22
DA:89,9
DA:90,9
DA:91,9
DA:94,22
DA:95,13
DA:97,9
DA:100,12
DA:103,0
DA:104,0
DA:211,0
DA:212,0
DA:213,0
DA:214,0
DA:216,0
DA:218,0
DA:221,375
DA:222,375
DA:223,4772
DA:224,4397
DA:226,375
DA:229,6
DA:230,6
DA:231,20
DA:232,49
DA:233,35
DA:234,3
DA:235,3
DA:238,17
DA:239,3
DA:242,6
DA:245,8
DA:246,8
DA:247,121
DA:248,113
DA:249,5
DA:252,8
DA:255,12
DA:256,12
DA:258,12
DA:259,3
DA:261,9
DA:262,60
DA:263,57
DA:264,10
DA:265,53
DA:266,43
DA:267,43
DA:269,10
DA:270,6
DA:271,6
DA:273,4
DA:274,4
DA:279,12
DA:282,57
DA:284,57
DA:285,57
DA:287,57
DA:288,23
DA:289,34
DA:290,12
DA:291,12
DA:294,57
DA:295,45
DA:296,124
DA:297,116
DA:298,429
DA:299,392
DA:300,79
DA:301,79
DA:304,116
DA:305,37
DA:306,37
DA:308,79
DA:311,263
DA:312,597
DA:313,410
DA:314,31
DA:315,31
DA:316,31
DA:319,218
DA:323,57
DA:326,500
DA:327,500
DA:328,500
DA:329,500
DA:330,500
DA:331,500
DA:332,500
DA:333,500
DA:334,500
DA:336,89
DA:337,89
DA:338,653
DA:339,587
DA:340,587
DA:344,89
DA:345,0
DA:347,89
DA:350,89
DA:351,23
DA:352,843
DA:353,820
DA:354,820
DA:356,23
DA:358,89
DA:361,0
DA:362,0
DA:363,0
DA:364,0
DA:365,0
DA:367,0
DA:368,0
DA:369,0
DA:371,0
DA:373,0
DA:374,0
DA:375,0
DA:376,0
DA:379,0
DA:380,0
DA:381,0
DA:382,0
DA:384,0
DA:385,0
DA:386,0
DA:387,0
DA:390,0
DA:391,0
DA:394,303
DA:397,303
DA:398,147
DA:399,156
DA:401,78
DA:402,3
DA:403,75
DA:404,2
DA:406,73
DA:407,78
DA:410,78
DA:411,4
DA:412,74
DA:413,4
DA:415,70
DA:416,78
DA:419,3736
DA:420,3433
DA:421,3433
DA:424,303
DA:425,303
DA:428,1310
DA:429,1310
DA:430,5979
DA:431,4669
DA:433,1310
DA:436,78
DA:437,78
DA:438,47
DA:441,153
DA:442,75
DA:443,75
DA:444,46
DA:445,46
DA:446,29
DA:447,3
DA:448,3
DA:449,26
DA:450,2
DA:451,2
DA:452,2
DA:455,75
DA:456,75
DA:458,371
DA:459,296
DA:460,296
DA:462,75
DA:464,75
DA:465,18
DA:467,75
DA:469,75
DA:470,65
DA:471,58
DA:472,51
DA:473,51
DA:478,75
DA:479,46
DA:480,46
DA:481,29
DA:482,3
DA:483,3
DA:487,355
DA:488,355
DA:489,355
DA:490,355
DA:491,165
DA:493,355
DA:494,355
DA:495,355
DA:496,355
DA:498,75
DA:499,10
DA:500,32
DA:501,28
DA:502,28
DA:507,3
DA:508,4
DA:509,3
DA:510,3
DA:514,78
DA:515,78
DA:517,78
DA:518,78
DA:519,44
DA:522,150
DA:523,72
DA:524,72
DA:526,321
DA:527,249
DA:528,249
DA:530,72
DA:532,72
DA:533,23
DA:535,72
DA:537,72
DA:538,61
DA:539,58
DA:540,48
DA:541,48
DA:547,317
DA:548,317
DA:549,317
DA:550,317
DA:551,317
DA:552,317
DA:553,317
DA:555,72
DA:556,11
DA:557,30
DA:558,26
DA:559,26
DA:564,6
DA:565,8
DA:566,6
DA:567,6
DA:571,78
DA:572,78
DA:574,147
DA:575,147
DA:576,45
DA:579,147
DA:580,35
DA:582,112
DA:585,147
DA:586,147
DA:587,35
DA:588,35
DA:589,112
DA:590,29
DA:591,29
DA:592,83
DA:593,7
DA:596,147
DA:597,147
DA:598,147
DA:599,147
DA:600,73
DA:603,565
DA:604,418
DA:605,418
DA:607,147
DA:608,147
DA:610,147
DA:611,126
DA:614,147
DA:615,110
DA:616,756
DA:617,708
DA:618,708
DA:623,147
DA:624,35
DA:625,35
DA:626,112
DA:627,29
DA:628,29
DA:629,83
DA:630,7
DA:631,7
DA:635,491
DA:636,491
DA:637,491
DA:638,491
DA:639,175
DA:641,491
DA:642,491
DA:643,491
DA:644,491
DA:646,147
DA:647,126
DA:648,126
DA:651,987
DA:652,840
DA:653,840
DA:654,840
DA:655,840
DA:656,840
DA:657,181
DA:659,840
DA:660,840
DA:663,147
DA:664,37
DA:665,341
DA:666,312
DA:667,312
DA:672,147
DA:673,147
DA:675,108
DA:677,108
DA:678,108
DA:681,108
DA:683,108
DA:684,108
DA:686,3610
DA:687,3502
DA:688,2492
DA:689,392
DA:691,2100
DA:692,2100
DA:694,2492
DA:696,1010
DA:697,89
DA:698,89
DA:700,1010
DA:701,0
DA:702,0
DA:704,1010
DA:705,854
DA:706,303
DA:707,303
DA:709,1010
DA:710,60
DA:712,1010
DA:713,81
DA:715,1010
DA:716,54
DA:718,1010
DA:719,7
DA:721,1010
DA:722,19
DA:724,1010
DA:725,532
DA:726,334
DA:727,334
DA:729,198
DA:731,1010
DA:732,180
DA:733,180
DA:734,340
DA:735,160
DA:736,160
DA:738,180
DA:740,1010
DA:741,392
DA:742,392
DA:743,392
DA:744,392
DA:746,1010
DA:749,108
DA:750,108
DA:751,108
DA:752,108
end_of_record
